[2026-03-13T08:22:01.748+0000] {taskinstance.py:1979} INFO - Dependencies all met for dep_context=non-requeueable deps ti=<TaskInstance: 1_load_csv_to_snowflake.load_stage_2 manual__2026-03-13T08:21:49.279919+00:00 [queued]>
[2026-03-13T08:22:01.756+0000] {taskinstance.py:1979} INFO - Dependencies all met for dep_context=requeueable deps ti=<TaskInstance: 1_load_csv_to_snowflake.load_stage_2 manual__2026-03-13T08:21:49.279919+00:00 [queued]>
[2026-03-13T08:22:01.757+0000] {taskinstance.py:2193} INFO - Starting attempt 1 of 1
[2026-03-13T08:22:01.769+0000] {taskinstance.py:2214} INFO - Executing <Task(SnowflakeOperator): load_stage_2> on 2026-03-13 08:21:49.279919+00:00
[2026-03-13T08:22:01.774+0000] {standard_task_runner.py:60} INFO - Started process 8903 to run task
[2026-03-13T08:22:01.778+0000] {standard_task_runner.py:87} INFO - Running: ['***', 'tasks', 'run', '1_load_csv_to_snowflake', 'load_stage_2', 'manual__2026-03-13T08:21:49.279919+00:00', '--job-id', '19', '--raw', '--subdir', 'DAGS_FOLDER/1_load_csv_to_snowflake.py', '--cfg-path', '/tmp/tmpi50alwrl']
[2026-03-13T08:22:01.779+0000] {standard_task_runner.py:88} INFO - Job 19: Subtask load_stage_2
[2026-03-13T08:22:01.828+0000] {task_command.py:423} INFO - Running <TaskInstance: 1_load_csv_to_snowflake.load_stage_2 manual__2026-03-13T08:21:49.279919+00:00 [running]> on host 491a6a573ad3
[2026-03-13T08:22:01.908+0000] {taskinstance.py:2510} INFO - Exporting env vars: AIRFLOW_CTX_DAG_OWNER='***' AIRFLOW_CTX_DAG_ID='1_load_csv_to_snowflake' AIRFLOW_CTX_TASK_ID='load_stage_2' AIRFLOW_CTX_EXECUTION_DATE='2026-03-13T08:21:49.279919+00:00' AIRFLOW_CTX_TRY_NUMBER='1' AIRFLOW_CTX_DAG_RUN_ID='manual__2026-03-13T08:21:49.279919+00:00'
[2026-03-13T08:22:01.909+0000] {sql.py:276} INFO - Executing: CALL AIRLINE_DWH.STAGE_2_INTEGRATION.LOAD_STAGE_2();
[2026-03-13T08:22:01.921+0000] {base.py:83} INFO - Using connection ID 'snowflake_conn' for task execution.
[2026-03-13T08:22:01.932+0000] {base.py:83} INFO - Using connection ID 'snowflake_conn' for task execution.
[2026-03-13T08:22:01.932+0000] {connection.py:386} INFO - Snowflake Connector for Python Version: 3.7.1, Python Version: 3.8.18, Platform: Linux-6.12.68-linuxkit-x86_64-with-glibc2.34
[2026-03-13T08:22:01.933+0000] {connection.py:1211} INFO - This connection is in OCSP Fail Open Mode. TLS Certificates would be checked for validity and revocation status. Any other Certificate Revocation related exceptions or OCSP Responder failures would be disregarded in favor of connectivity.
[2026-03-13T08:22:02.617+0000] {cursor.py:1032} INFO - query: [ALTER SESSION SET autocommit=False]
[2026-03-13T08:22:02.709+0000] {cursor.py:1045} INFO - query execution done
[2026-03-13T08:22:02.711+0000] {cursor.py:1205} INFO - Number of results in first chunk: 1
[2026-03-13T08:22:02.711+0000] {sql.py:457} INFO - Running statement: CALL AIRLINE_DWH.STAGE_2_INTEGRATION.LOAD_STAGE_2();, parameters: None
[2026-03-13T08:22:02.712+0000] {cursor.py:1032} INFO - query: [CALL AIRLINE_DWH.STAGE_2_INTEGRATION.LOAD_STAGE_2();]
[2026-03-13T08:22:04.848+0000] {cursor.py:1045} INFO - query execution done
[2026-03-13T08:22:04.868+0000] {connection.py:734} INFO - closed
[2026-03-13T08:22:04.908+0000] {connection.py:740} INFO - No async queries seem to be running, deleting session
[2026-03-13T08:22:04.978+0000] {taskinstance.py:2728} ERROR - Task failed with exception
Traceback (most recent call last):
  File "/home/airflow/.local/lib/python3.8/site-packages/airflow/models/taskinstance.py", line 444, in _execute_task
    result = _execute_callable(context=context, **execute_callable_kwargs)
  File "/home/airflow/.local/lib/python3.8/site-packages/airflow/models/taskinstance.py", line 414, in _execute_callable
    return execute_callable(context=context, **execute_callable_kwargs)
  File "/home/airflow/.local/lib/python3.8/site-packages/airflow/providers/common/sql/operators/sql.py", line 282, in execute
    output = hook.run(
  File "/home/airflow/.local/lib/python3.8/site-packages/airflow/providers/snowflake/hooks/snowflake.py", line 390, in run
    self._run_command(cur, sql_statement, parameters)  # type: ignore[attr-defined]
  File "/home/airflow/.local/lib/python3.8/site-packages/airflow/providers/common/sql/hooks/sql.py", line 462, in _run_command
    cur.execute(sql_statement)
  File "/home/airflow/.local/lib/python3.8/site-packages/snowflake/connector/cursor.py", line 1136, in execute
    Error.errorhandler_wrapper(self.connection, self, error_class, errvalue)
  File "/home/airflow/.local/lib/python3.8/site-packages/snowflake/connector/errors.py", line 290, in errorhandler_wrapper
    handed_over = Error.hand_to_other_handler(
  File "/home/airflow/.local/lib/python3.8/site-packages/snowflake/connector/errors.py", line 345, in hand_to_other_handler
    cursor.errorhandler(connection, cursor, error_class, error_value)
  File "/home/airflow/.local/lib/python3.8/site-packages/snowflake/connector/errors.py", line 221, in default_errorhandler
    raise error_class(
snowflake.connector.errors.ProgrammingError: 090232 (25000): 01c2ff16-0106-5096-0004-af660001705a: Stored procedure execution error: Scoped transaction started in stored procedure is incomplete and it was rolled back.
[2026-03-13T08:22:04.990+0000] {taskinstance.py:1149} INFO - Marking task as FAILED. dag_id=1_load_csv_to_snowflake, task_id=load_stage_2, execution_date=20260313T082149, start_date=20260313T082201, end_date=20260313T082204
[2026-03-13T08:22:05.004+0000] {standard_task_runner.py:107} ERROR - Failed to execute job 19 for task load_stage_2 (090232 (25000): 01c2ff16-0106-5096-0004-af660001705a: Stored procedure execution error: Scoped transaction started in stored procedure is incomplete and it was rolled back.; 8903)
[2026-03-13T08:22:05.035+0000] {local_task_job_runner.py:234} INFO - Task exited with return code 1
[2026-03-13T08:22:05.048+0000] {warnings.py:109} WARNING - /home/***/.local/lib/python3.8/site-packages/***/models/baseoperator.py:1201: AirflowProviderDeprecationWarning: Call to deprecated class SnowflakeOperator. (This class is deprecated. Please use `***.providers.common.sql.operators.sql.SQLExecuteQueryOperator`. Also, you can provide `hook_params={'warehouse': <warehouse>, 'database': <database>, 'role': <role>, 'schema': <schema>, 'authenticator': <authenticator>,'session_parameters': <session_parameters>}`.)
  result = cls.__new__(cls)

[2026-03-13T08:22:05.062+0000] {taskinstance.py:3309} INFO - 0 downstream tasks scheduled from follow-on schedule check
