[2026-03-15T22:52:20.911+0000] {taskinstance.py:1979} INFO - Dependencies all met for dep_context=non-requeueable deps ti=<TaskInstance: 1_load_csv_to_snowflake.load_stage_3 manual__2026-03-15T22:52:01.547915+00:00 [queued]>
[2026-03-15T22:52:20.920+0000] {taskinstance.py:1979} INFO - Dependencies all met for dep_context=requeueable deps ti=<TaskInstance: 1_load_csv_to_snowflake.load_stage_3 manual__2026-03-15T22:52:01.547915+00:00 [queued]>
[2026-03-15T22:52:20.921+0000] {taskinstance.py:2193} INFO - Starting attempt 1 of 1
[2026-03-15T22:52:20.934+0000] {taskinstance.py:2214} INFO - Executing <Task(SnowflakeOperator): load_stage_3> on 2026-03-15 22:52:01.547915+00:00
[2026-03-15T22:52:20.939+0000] {standard_task_runner.py:60} INFO - Started process 33299 to run task
[2026-03-15T22:52:20.943+0000] {standard_task_runner.py:87} INFO - Running: ['***', 'tasks', 'run', '1_load_csv_to_snowflake', 'load_stage_3', 'manual__2026-03-15T22:52:01.547915+00:00', '--job-id', '44', '--raw', '--subdir', 'DAGS_FOLDER/1_load_csv_to_snowflake.py', '--cfg-path', '/tmp/tmpcygt_y8e']
[2026-03-15T22:52:20.945+0000] {standard_task_runner.py:88} INFO - Job 44: Subtask load_stage_3
[2026-03-15T22:52:20.993+0000] {task_command.py:423} INFO - Running <TaskInstance: 1_load_csv_to_snowflake.load_stage_3 manual__2026-03-15T22:52:01.547915+00:00 [running]> on host 491a6a573ad3
[2026-03-15T22:52:21.074+0000] {taskinstance.py:2510} INFO - Exporting env vars: AIRFLOW_CTX_DAG_OWNER='***' AIRFLOW_CTX_DAG_ID='1_load_csv_to_snowflake' AIRFLOW_CTX_TASK_ID='load_stage_3' AIRFLOW_CTX_EXECUTION_DATE='2026-03-15T22:52:01.547915+00:00' AIRFLOW_CTX_TRY_NUMBER='1' AIRFLOW_CTX_DAG_RUN_ID='manual__2026-03-15T22:52:01.547915+00:00'
[2026-03-15T22:52:21.075+0000] {sql.py:276} INFO - Executing: CALL AIRLINE_DWH.STAGE_3_CORE.LOAD_STAGE_3();
[2026-03-15T22:52:21.087+0000] {base.py:83} INFO - Using connection ID 'snowflake_conn' for task execution.
[2026-03-15T22:52:21.097+0000] {base.py:83} INFO - Using connection ID 'snowflake_conn' for task execution.
[2026-03-15T22:52:21.098+0000] {connection.py:386} INFO - Snowflake Connector for Python Version: 3.7.1, Python Version: 3.8.18, Platform: Linux-6.12.68-linuxkit-x86_64-with-glibc2.34
[2026-03-15T22:52:21.099+0000] {connection.py:1211} INFO - This connection is in OCSP Fail Open Mode. TLS Certificates would be checked for validity and revocation status. Any other Certificate Revocation related exceptions or OCSP Responder failures would be disregarded in favor of connectivity.
[2026-03-15T22:52:21.356+0000] {cursor.py:1032} INFO - query: [ALTER SESSION SET autocommit=False]
[2026-03-15T22:52:21.444+0000] {cursor.py:1045} INFO - query execution done
[2026-03-15T22:52:21.445+0000] {cursor.py:1205} INFO - Number of results in first chunk: 1
[2026-03-15T22:52:21.446+0000] {sql.py:457} INFO - Running statement: CALL AIRLINE_DWH.STAGE_3_CORE.LOAD_STAGE_3();, parameters: None
[2026-03-15T22:52:21.446+0000] {cursor.py:1032} INFO - query: [CALL AIRLINE_DWH.STAGE_3_CORE.LOAD_STAGE_3();]
[2026-03-15T22:52:23.019+0000] {cursor.py:1045} INFO - query execution done
[2026-03-15T22:52:23.020+0000] {cursor.py:1205} INFO - Number of results in first chunk: 1
[2026-03-15T22:52:23.020+0000] {sql.py:466} INFO - Rows affected: 1
[2026-03-15T22:52:23.022+0000] {warnings.py:109} WARNING - /home/***/.local/lib/python3.8/site-packages/***/providers/snowflake/hooks/snowflake.py:393: AirflowProviderDeprecationWarning: Call to deprecated method _make_common_data_structure. (The `_make_serializable` method is deprecated and support will be removed in a future version of the common.sql provider. Please update the DbApiHook's provider to a version based on common.sql >= 1.9.1.)
  result = self._make_common_data_structure(handler(cur))  # type: ignore[attr-defined]

[2026-03-15T22:52:23.022+0000] {snowflake.py:402} INFO - Rows affected: 1
[2026-03-15T22:52:23.023+0000] {snowflake.py:403} INFO - Snowflake query id: 01c30dbc-0106-5284-0004-af660002023e
[2026-03-15T22:52:23.023+0000] {cursor.py:1032} INFO - query: [COMMIT]
[2026-03-15T22:52:23.076+0000] {cursor.py:1045} INFO - query execution done
[2026-03-15T22:52:23.077+0000] {cursor.py:1205} INFO - Number of results in first chunk: 1
[2026-03-15T22:52:23.078+0000] {connection.py:734} INFO - closed
[2026-03-15T22:52:23.122+0000] {connection.py:740} INFO - No async queries seem to be running, deleting session
[2026-03-15T22:52:23.189+0000] {taskinstance.py:1149} INFO - Marking task as SUCCESS. dag_id=1_load_csv_to_snowflake, task_id=load_stage_3, execution_date=20260315T225201, start_date=20260315T225220, end_date=20260315T225223
[2026-03-15T22:52:23.213+0000] {local_task_job_runner.py:234} INFO - Task exited with return code 0
[2026-03-15T22:52:23.236+0000] {taskinstance.py:3309} INFO - 0 downstream tasks scheduled from follow-on schedule check
