[2026-03-13T08:24:12.804+0000] {taskinstance.py:1979} INFO - Dependencies all met for dep_context=non-requeueable deps ti=<TaskInstance: 1_load_csv_to_snowflake.copy_to_table manual__2026-03-13T08:24:06.824685+00:00 [queued]>
[2026-03-13T08:24:12.812+0000] {taskinstance.py:1979} INFO - Dependencies all met for dep_context=requeueable deps ti=<TaskInstance: 1_load_csv_to_snowflake.copy_to_table manual__2026-03-13T08:24:06.824685+00:00 [queued]>
[2026-03-13T08:24:12.813+0000] {taskinstance.py:2193} INFO - Starting attempt 1 of 1
[2026-03-13T08:24:12.825+0000] {taskinstance.py:2214} INFO - Executing <Task(SnowflakeOperator): copy_to_table> on 2026-03-13 08:24:06.824685+00:00
[2026-03-13T08:24:12.830+0000] {standard_task_runner.py:60} INFO - Started process 8942 to run task
[2026-03-13T08:24:12.834+0000] {standard_task_runner.py:87} INFO - Running: ['***', 'tasks', 'run', '1_load_csv_to_snowflake', 'copy_to_table', 'manual__2026-03-13T08:24:06.824685+00:00', '--job-id', '21', '--raw', '--subdir', 'DAGS_FOLDER/1_load_csv_to_snowflake.py', '--cfg-path', '/tmp/tmpbhrw_9da']
[2026-03-13T08:24:12.835+0000] {standard_task_runner.py:88} INFO - Job 21: Subtask copy_to_table
[2026-03-13T08:24:12.882+0000] {task_command.py:423} INFO - Running <TaskInstance: 1_load_csv_to_snowflake.copy_to_table manual__2026-03-13T08:24:06.824685+00:00 [running]> on host 491a6a573ad3
[2026-03-13T08:24:12.962+0000] {taskinstance.py:2510} INFO - Exporting env vars: AIRFLOW_CTX_DAG_OWNER='***' AIRFLOW_CTX_DAG_ID='1_load_csv_to_snowflake' AIRFLOW_CTX_TASK_ID='copy_to_table' AIRFLOW_CTX_EXECUTION_DATE='2026-03-13T08:24:06.824685+00:00' AIRFLOW_CTX_TRY_NUMBER='1' AIRFLOW_CTX_DAG_RUN_ID='manual__2026-03-13T08:24:06.824685+00:00'
[2026-03-13T08:24:12.964+0000] {sql.py:276} INFO - Executing: 
        COPY INTO STAGE_1_RAW.RAW_AIRLINE_DATA
        FROM @STAGE_1_RAW.MY_INTERNAL_STAGE
        FILE_FORMAT = (
            TYPE = 'CSV' 
            SKIP_HEADER = 1 
            FIELD_OPTIONALLY_ENCLOSED_BY = '"'
            ERROR_ON_COLUMN_COUNT_MISMATCH = FALSE
        )
        FORCE = TRUE
        ON_ERROR = 'CONTINUE';
        
[2026-03-13T08:24:12.975+0000] {base.py:83} INFO - Using connection ID 'snowflake_conn' for task execution.
[2026-03-13T08:24:12.985+0000] {base.py:83} INFO - Using connection ID 'snowflake_conn' for task execution.
[2026-03-13T08:24:12.986+0000] {connection.py:386} INFO - Snowflake Connector for Python Version: 3.7.1, Python Version: 3.8.18, Platform: Linux-6.12.68-linuxkit-x86_64-with-glibc2.34
[2026-03-13T08:24:12.987+0000] {connection.py:1211} INFO - This connection is in OCSP Fail Open Mode. TLS Certificates would be checked for validity and revocation status. Any other Certificate Revocation related exceptions or OCSP Responder failures would be disregarded in favor of connectivity.
[2026-03-13T08:25:13.026+0000] {connectionpool.py:824} WARNING - Retrying (Retry(total=0, connect=None, read=None, redirect=None, status=None)) after connection broken by 'NewConnectionError('<snowflake.connector.vendored.urllib3.connection.HTTPSConnection object at 0x7fe0b946b760>: Failed to establish a new connection: [Errno 111] Connection refused')': /session/v1/login-request?request_id=26e041de-d0fd-4e08-bc67-1c772e8f7bac&databaseName=AIRLINE_DWH&schemaName=STAGE_1_RAW&warehouse=COMPUTE_WH&roleName=ACCOUNTADMIN&request_guid=47eef80f-1670-4167-9872-46c783c4d72c
[2026-03-13T08:25:14.054+0000] {connectionpool.py:824} WARNING - Retrying (Retry(total=0, connect=None, read=None, redirect=None, status=None)) after connection broken by 'NewConnectionError('<snowflake.connector.vendored.urllib3.connection.HTTPSConnection object at 0x7fe0b9411790>: Failed to establish a new connection: [Errno -2] Name or service not known')': /session/v1/login-request?request_id=6f6144a3-9429-43fa-862f-cdc60f3f923f&databaseName=AIRLINE_DWH&schemaName=STAGE_1_RAW&warehouse=COMPUTE_WH&roleName=ACCOUNTADMIN&request_guid=d195879c-0274-43ec-ac97-910d5afe93fa
[2026-03-13T08:25:14.061+0000] {taskinstance.py:2728} ERROR - Task failed with exception
Traceback (most recent call last):
  File "/home/airflow/.local/lib/python3.8/site-packages/snowflake/connector/vendored/urllib3/connection.py", line 174, in _new_conn
    conn = connection.create_connection(
  File "/home/airflow/.local/lib/python3.8/site-packages/snowflake/connector/vendored/urllib3/util/connection.py", line 79, in create_connection
    for res in socket.getaddrinfo(host, port, family, socket.SOCK_STREAM):
  File "/usr/local/lib/python3.8/socket.py", line 918, in getaddrinfo
    for res in _socket.getaddrinfo(host, port, family, type, proto, flags):
socket.gaierror: [Errno -2] Name or service not known

During handling of the above exception, another exception occurred:

Traceback (most recent call last):
  File "/home/airflow/.local/lib/python3.8/site-packages/snowflake/connector/vendored/urllib3/connectionpool.py", line 715, in urlopen
    httplib_response = self._make_request(
  File "/home/airflow/.local/lib/python3.8/site-packages/snowflake/connector/vendored/urllib3/connectionpool.py", line 404, in _make_request
    self._validate_conn(conn)
  File "/home/airflow/.local/lib/python3.8/site-packages/snowflake/connector/vendored/urllib3/connectionpool.py", line 1058, in _validate_conn
    conn.connect()
  File "/home/airflow/.local/lib/python3.8/site-packages/snowflake/connector/vendored/urllib3/connection.py", line 363, in connect
    self.sock = conn = self._new_conn()
  File "/home/airflow/.local/lib/python3.8/site-packages/snowflake/connector/vendored/urllib3/connection.py", line 186, in _new_conn
    raise NewConnectionError(
snowflake.connector.vendored.urllib3.exceptions.NewConnectionError: <snowflake.connector.vendored.urllib3.connection.HTTPSConnection object at 0x7fe0b946b8b0>: Failed to establish a new connection: [Errno -2] Name or service not known

During handling of the above exception, another exception occurred:

Traceback (most recent call last):
  File "/home/airflow/.local/lib/python3.8/site-packages/snowflake/connector/vendored/requests/adapters.py", line 486, in send
    resp = conn.urlopen(
  File "/home/airflow/.local/lib/python3.8/site-packages/snowflake/connector/vendored/urllib3/connectionpool.py", line 827, in urlopen
    return self.urlopen(
  File "/home/airflow/.local/lib/python3.8/site-packages/snowflake/connector/vendored/urllib3/connectionpool.py", line 799, in urlopen
    retries = retries.increment(
  File "/home/airflow/.local/lib/python3.8/site-packages/snowflake/connector/vendored/urllib3/util/retry.py", line 592, in increment
    raise MaxRetryError(_pool, url, error or ResponseError(cause))
snowflake.connector.vendored.urllib3.exceptions.MaxRetryError: HTTPSConnectionPool(host='fkbgdjf-yx41629.snowflakecomputing.com', port=443): Max retries exceeded with url: /session/v1/login-request?request_id=26e041de-d0fd-4e08-bc67-1c772e8f7bac&databaseName=AIRLINE_DWH&schemaName=STAGE_1_RAW&warehouse=COMPUTE_WH&roleName=ACCOUNTADMIN&request_guid=47eef80f-1670-4167-9872-46c783c4d72c (Caused by NewConnectionError('<snowflake.connector.vendored.urllib3.connection.HTTPSConnection object at 0x7fe0b946b8b0>: Failed to establish a new connection: [Errno -2] Name or service not known'))

During handling of the above exception, another exception occurred:

Traceback (most recent call last):
  File "/home/airflow/.local/lib/python3.8/site-packages/snowflake/connector/network.py", line 1078, in _request_exec
    raw_ret = session.request(
  File "/home/airflow/.local/lib/python3.8/site-packages/snowflake/connector/vendored/requests/sessions.py", line 589, in request
    resp = self.send(prep, **send_kwargs)
  File "/home/airflow/.local/lib/python3.8/site-packages/snowflake/connector/vendored/requests/sessions.py", line 703, in send
    r = adapter.send(request, **kwargs)
  File "/home/airflow/.local/lib/python3.8/site-packages/snowflake/connector/vendored/requests/adapters.py", line 519, in send
    raise ConnectionError(e, request=request)
snowflake.connector.vendored.requests.exceptions.ConnectionError: HTTPSConnectionPool(host='fkbgdjf-yx41629.snowflakecomputing.com', port=443): Max retries exceeded with url: /session/v1/login-request?request_id=26e041de-d0fd-4e08-bc67-1c772e8f7bac&databaseName=AIRLINE_DWH&schemaName=STAGE_1_RAW&warehouse=COMPUTE_WH&roleName=ACCOUNTADMIN&request_guid=47eef80f-1670-4167-9872-46c783c4d72c (Caused by NewConnectionError('<snowflake.connector.vendored.urllib3.connection.HTTPSConnection object at 0x7fe0b946b8b0>: Failed to establish a new connection: [Errno -2] Name or service not known'))

During handling of the above exception, another exception occurred:

Traceback (most recent call last):
  File "/home/airflow/.local/lib/python3.8/site-packages/snowflake/connector/connection.py", line 1345, in _authenticate
    auth.authenticate(
  File "/home/airflow/.local/lib/python3.8/site-packages/snowflake/connector/auth/_auth.py", line 250, in authenticate
    ret = self._rest._post_request(
  File "/home/airflow/.local/lib/python3.8/site-packages/snowflake/connector/network.py", line 734, in _post_request
    ret = self.fetch(
  File "/home/airflow/.local/lib/python3.8/site-packages/snowflake/connector/network.py", line 843, in fetch
    ret = self._request_exec_wrapper(
  File "/home/airflow/.local/lib/python3.8/site-packages/snowflake/connector/network.py", line 979, in _request_exec_wrapper
    raise e
  File "/home/airflow/.local/lib/python3.8/site-packages/snowflake/connector/network.py", line 884, in _request_exec_wrapper
    return_object = self._request_exec(
  File "/home/airflow/.local/lib/python3.8/site-packages/snowflake/connector/network.py", line 1172, in _request_exec
    raise OperationalError(
snowflake.connector.errors.OperationalError: 251011: 251011: ConnectionTimeout occurred during login. Will be handled by authenticator

The above exception was the direct cause of the following exception:

Traceback (most recent call last):
  File "/home/airflow/.local/lib/python3.8/site-packages/airflow/models/taskinstance.py", line 444, in _execute_task
    result = _execute_callable(context=context, **execute_callable_kwargs)
  File "/home/airflow/.local/lib/python3.8/site-packages/airflow/models/taskinstance.py", line 414, in _execute_callable
    return execute_callable(context=context, **execute_callable_kwargs)
  File "/home/airflow/.local/lib/python3.8/site-packages/airflow/providers/common/sql/operators/sql.py", line 282, in execute
    output = hook.run(
  File "/home/airflow/.local/lib/python3.8/site-packages/airflow/providers/snowflake/hooks/snowflake.py", line 384, in run
    with closing(self.get_conn()) as conn:
  File "/home/airflow/.local/lib/python3.8/site-packages/airflow/providers/snowflake/hooks/snowflake.py", line 278, in get_conn
    conn = connector.connect(**conn_config)
  File "/home/airflow/.local/lib/python3.8/site-packages/snowflake/connector/__init__.py", line 54, in Connect
    return SnowflakeConnection(**kwargs)
  File "/home/airflow/.local/lib/python3.8/site-packages/snowflake/connector/connection.py", line 429, in __init__
    self.connect(**kwargs)
  File "/home/airflow/.local/lib/python3.8/site-packages/snowflake/connector/connection.py", line 719, in connect
    self.__open_connection()
  File "/home/airflow/.local/lib/python3.8/site-packages/snowflake/connector/connection.py", line 1045, in __open_connection
    self.authenticate_with_retry(self.auth_class)
  File "/home/airflow/.local/lib/python3.8/site-packages/snowflake/connector/connection.py", line 1317, in authenticate_with_retry
    self._authenticate(auth_instance)
  File "/home/airflow/.local/lib/python3.8/site-packages/snowflake/connector/connection.py", line 1389, in _authenticate
    raise auth_op from e
  File "/home/airflow/.local/lib/python3.8/site-packages/snowflake/connector/connection.py", line 1366, in _authenticate
    auth_instance.handle_timeout(
  File "/home/airflow/.local/lib/python3.8/site-packages/snowflake/connector/auth/by_plugin.py", line 212, in handle_timeout
    raise error
snowflake.connector.errors.OperationalError: 250001: 250001: Could not connect to Snowflake backend after 2 attempt(s).Aborting
[2026-03-13T08:25:14.076+0000] {taskinstance.py:1149} INFO - Marking task as FAILED. dag_id=1_load_csv_to_snowflake, task_id=copy_to_table, execution_date=20260313T082406, start_date=20260313T082412, end_date=20260313T082514
[2026-03-13T08:25:14.088+0000] {standard_task_runner.py:107} ERROR - Failed to execute job 21 for task copy_to_table (250001: 250001: Could not connect to Snowflake backend after 2 attempt(s).Aborting; 8942)
[2026-03-13T08:25:14.120+0000] {local_task_job_runner.py:234} INFO - Task exited with return code 1
[2026-03-13T08:25:14.130+0000] {warnings.py:109} WARNING - /home/***/.local/lib/python3.8/site-packages/***/models/baseoperator.py:1201: AirflowProviderDeprecationWarning: Call to deprecated class SnowflakeOperator. (This class is deprecated. Please use `***.providers.common.sql.operators.sql.SQLExecuteQueryOperator`. Also, you can provide `hook_params={'warehouse': <warehouse>, 'database': <database>, 'role': <role>, 'schema': <schema>, 'authenticator': <authenticator>,'session_parameters': <session_parameters>}`.)
  result = cls.__new__(cls)

[2026-03-13T08:25:14.144+0000] {taskinstance.py:3309} INFO - 0 downstream tasks scheduled from follow-on schedule check
