[2026-03-15T22:47:18.373+0000] {taskinstance.py:1979} INFO - Dependencies all met for dep_context=non-requeueable deps ti=<TaskInstance: 1_load_csv_to_snowflake.copy_to_table manual__2026-03-15T22:47:09.524814+00:00 [queued]>
[2026-03-15T22:47:18.381+0000] {taskinstance.py:1979} INFO - Dependencies all met for dep_context=requeueable deps ti=<TaskInstance: 1_load_csv_to_snowflake.copy_to_table manual__2026-03-15T22:47:09.524814+00:00 [queued]>
[2026-03-15T22:47:18.382+0000] {taskinstance.py:2193} INFO - Starting attempt 1 of 1
[2026-03-15T22:47:18.394+0000] {taskinstance.py:2214} INFO - Executing <Task(SnowflakeOperator): copy_to_table> on 2026-03-15 22:47:09.524814+00:00
[2026-03-15T22:47:18.400+0000] {standard_task_runner.py:60} INFO - Started process 33203 to run task
[2026-03-15T22:47:18.405+0000] {standard_task_runner.py:87} INFO - Running: ['***', 'tasks', 'run', '1_load_csv_to_snowflake', 'copy_to_table', 'manual__2026-03-15T22:47:09.524814+00:00', '--job-id', '39', '--raw', '--subdir', 'DAGS_FOLDER/1_load_csv_to_snowflake.py', '--cfg-path', '/tmp/tmp_6oueqx7']
[2026-03-15T22:47:18.407+0000] {standard_task_runner.py:88} INFO - Job 39: Subtask copy_to_table
[2026-03-15T22:47:18.463+0000] {task_command.py:423} INFO - Running <TaskInstance: 1_load_csv_to_snowflake.copy_to_table manual__2026-03-15T22:47:09.524814+00:00 [running]> on host 491a6a573ad3
[2026-03-15T22:47:18.545+0000] {taskinstance.py:2510} INFO - Exporting env vars: AIRFLOW_CTX_DAG_OWNER='***' AIRFLOW_CTX_DAG_ID='1_load_csv_to_snowflake' AIRFLOW_CTX_TASK_ID='copy_to_table' AIRFLOW_CTX_EXECUTION_DATE='2026-03-15T22:47:09.524814+00:00' AIRFLOW_CTX_TRY_NUMBER='1' AIRFLOW_CTX_DAG_RUN_ID='manual__2026-03-15T22:47:09.524814+00:00'
[2026-03-15T22:47:18.546+0000] {sql.py:276} INFO - Executing: 
        COPY INTO STAGE_1_RAW.RAW_AIRLINE_DATA (
            INDEX_COL, PASSENGER_ID, FIRST_NAME, LAST_NAME, AGE, NATIONALITY, 
            AIRPORT_NAME, AIRPORT_COUNTRY_CODE, COUNTRY_NAME, AIRPORT_CONTINENT, 
            DEPARTURE_DATE, ARRIVAL_AIRPORT, PILOT_NAME, FLIGHT_STATUS, TICKET_TYPE
        )
        FROM (
            SELECT $1, $2, $3, $4, $5, $6, $7, $8, $9, $10, $11, $12, $13, $14, $15
            FROM @STAGE_1_RAW.MY_INTERNAL_STAGE/Clean_Airline_Dataset.csv.gz
        )
        FILE_FORMAT = (
            TYPE = 'CSV' 
            SKIP_HEADER = 1 
            FIELD_DELIMITER = '|'
            FIELD_OPTIONALLY_ENCLOSED_BY = '"'
        )
        FORCE = TRUE
        ON_ERROR = 'CONTINUE';
        
[2026-03-15T22:47:18.558+0000] {base.py:83} INFO - Using connection ID 'snowflake_conn' for task execution.
[2026-03-15T22:47:18.568+0000] {base.py:83} INFO - Using connection ID 'snowflake_conn' for task execution.
[2026-03-15T22:47:18.569+0000] {connection.py:386} INFO - Snowflake Connector for Python Version: 3.7.1, Python Version: 3.8.18, Platform: Linux-6.12.68-linuxkit-x86_64-with-glibc2.34
[2026-03-15T22:47:18.571+0000] {connection.py:1211} INFO - This connection is in OCSP Fail Open Mode. TLS Certificates would be checked for validity and revocation status. Any other Certificate Revocation related exceptions or OCSP Responder failures would be disregarded in favor of connectivity.
[2026-03-15T22:47:19.108+0000] {cursor.py:1032} INFO - query: [ALTER SESSION SET autocommit=False]
[2026-03-15T22:47:19.185+0000] {cursor.py:1045} INFO - query execution done
[2026-03-15T22:47:19.186+0000] {cursor.py:1205} INFO - Number of results in first chunk: 1
[2026-03-15T22:47:19.187+0000] {sql.py:457} INFO - Running statement: COPY INTO STAGE_1_RAW.RAW_AIRLINE_DATA (
            INDEX_COL, PASSENGER_ID, FIRST_NAME, LAST_NAME, AGE, NATIONALITY, 
            AIRPORT_NAME, AIRPORT_COUNTRY_CODE, COUNTRY_NAME, AIRPORT_CONTINENT, 
            DEPARTURE_DATE, ARRIVAL_AIRPORT, PILOT_NAME, FLIGHT_STATUS, TICKET_TYPE
        )
        FROM (
            SELECT $1, $2, $3, $4, $5, $6, $7, $8, $9, $10, $11, $12, $13, $14, $15
            FROM @STAGE_1_RAW.MY_INTERNAL_STAGE/Clean_Airline_Dataset.csv.gz
        )
        FILE_FORMAT = (
            TYPE = 'CSV' 
            SKIP_HEADER = 1 
            FIELD_DELIMITER = '|'
            FIELD_OPTIONALLY_ENCLOSED_BY = '"'
        )
        FORCE = TRUE
        ON_ERROR = 'CONTINUE';, parameters: None
[2026-03-15T22:47:19.187+0000] {cursor.py:1032} INFO - query: [COPY INTO STAGE_1_RAW.RAW_AIRLINE_DATA ( INDEX_COL, PASSENGER_ID, FIRST_NAME, LA...]
[2026-03-15T22:47:19.274+0000] {cursor.py:1045} INFO - query execution done
[2026-03-15T22:47:19.286+0000] {connection.py:734} INFO - closed
[2026-03-15T22:47:19.326+0000] {connection.py:740} INFO - No async queries seem to be running, deleting session
[2026-03-15T22:47:19.421+0000] {taskinstance.py:2728} ERROR - Task failed with exception
Traceback (most recent call last):
  File "/home/airflow/.local/lib/python3.8/site-packages/airflow/models/taskinstance.py", line 444, in _execute_task
    result = _execute_callable(context=context, **execute_callable_kwargs)
  File "/home/airflow/.local/lib/python3.8/site-packages/airflow/models/taskinstance.py", line 414, in _execute_callable
    return execute_callable(context=context, **execute_callable_kwargs)
  File "/home/airflow/.local/lib/python3.8/site-packages/airflow/providers/common/sql/operators/sql.py", line 282, in execute
    output = hook.run(
  File "/home/airflow/.local/lib/python3.8/site-packages/airflow/providers/snowflake/hooks/snowflake.py", line 390, in run
    self._run_command(cur, sql_statement, parameters)  # type: ignore[attr-defined]
  File "/home/airflow/.local/lib/python3.8/site-packages/airflow/providers/common/sql/hooks/sql.py", line 462, in _run_command
    cur.execute(sql_statement)
  File "/home/airflow/.local/lib/python3.8/site-packages/snowflake/connector/cursor.py", line 1136, in execute
    Error.errorhandler_wrapper(self.connection, self, error_class, errvalue)
  File "/home/airflow/.local/lib/python3.8/site-packages/snowflake/connector/errors.py", line 290, in errorhandler_wrapper
    handed_over = Error.hand_to_other_handler(
  File "/home/airflow/.local/lib/python3.8/site-packages/snowflake/connector/errors.py", line 345, in hand_to_other_handler
    cursor.errorhandler(connection, cursor, error_class, error_value)
  File "/home/airflow/.local/lib/python3.8/site-packages/snowflake/connector/errors.py", line 221, in default_errorhandler
    raise error_class(
snowflake.connector.errors.ProgrammingError: 000904 (42000): 01c30db7-0106-4e11-0004-af660001d296: SQL compilation error: error line 2 at position 12
invalid identifier 'INDEX_COL'
[2026-03-15T22:47:19.432+0000] {taskinstance.py:1149} INFO - Marking task as FAILED. dag_id=1_load_csv_to_snowflake, task_id=copy_to_table, execution_date=20260315T224709, start_date=20260315T224718, end_date=20260315T224719
[2026-03-15T22:47:19.447+0000] {standard_task_runner.py:107} ERROR - Failed to execute job 39 for task copy_to_table (000904 (42000): 01c30db7-0106-4e11-0004-af660001d296: SQL compilation error: error line 2 at position 12
invalid identifier 'INDEX_COL'; 33203)
[2026-03-15T22:47:19.485+0000] {local_task_job_runner.py:234} INFO - Task exited with return code 1
[2026-03-15T22:47:19.496+0000] {warnings.py:109} WARNING - /home/***/.local/lib/python3.8/site-packages/***/models/baseoperator.py:1201: AirflowProviderDeprecationWarning: Call to deprecated class SnowflakeOperator. (This class is deprecated. Please use `***.providers.common.sql.operators.sql.SQLExecuteQueryOperator`. Also, you can provide `hook_params={'warehouse': <warehouse>, 'database': <database>, 'role': <role>, 'schema': <schema>, 'authenticator': <authenticator>,'session_parameters': <session_parameters>}`.)
  result = cls.__new__(cls)

[2026-03-15T22:47:19.509+0000] {taskinstance.py:3309} INFO - 0 downstream tasks scheduled from follow-on schedule check
