[2026-03-12T21:37:00.517+0000] {processor.py:161} INFO - Started process (PID=4955) to work on /opt/airflow/dags/1_load_csv_to_snowflake.py
[2026-03-12T21:37:00.519+0000] {processor.py:830} INFO - Processing file /opt/airflow/dags/1_load_csv_to_snowflake.py for tasks to queue
[2026-03-12T21:37:00.520+0000] {logging_mixin.py:188} INFO - [2026-03-12T21:37:00.519+0000] {dagbag.py:540} INFO - Filling up the DagBag from /opt/airflow/dags/1_load_csv_to_snowflake.py
[2026-03-12T21:37:00.531+0000] {processor.py:840} INFO - DAG(s) '1_load_csv_to_snowflake' retrieved from /opt/airflow/dags/1_load_csv_to_snowflake.py
[2026-03-12T21:37:00.627+0000] {logging_mixin.py:188} INFO - [2026-03-12T21:37:00.627+0000] {dag.py:3047} INFO - Sync 1 DAGs
[2026-03-12T21:37:00.637+0000] {logging_mixin.py:188} INFO - [2026-03-12T21:37:00.637+0000] {dag.py:3834} INFO - Setting next_dagrun for 1_load_csv_to_snowflake to None, run_after=None
[2026-03-12T21:37:00.658+0000] {processor.py:183} INFO - Processing /opt/airflow/dags/1_load_csv_to_snowflake.py took 0.144 seconds
[2026-03-12T21:37:30.689+0000] {processor.py:161} INFO - Started process (PID=5010) to work on /opt/airflow/dags/1_load_csv_to_snowflake.py
[2026-03-12T21:37:30.691+0000] {processor.py:830} INFO - Processing file /opt/airflow/dags/1_load_csv_to_snowflake.py for tasks to queue
[2026-03-12T21:37:30.692+0000] {logging_mixin.py:188} INFO - [2026-03-12T21:37:30.692+0000] {dagbag.py:540} INFO - Filling up the DagBag from /opt/airflow/dags/1_load_csv_to_snowflake.py
[2026-03-12T21:37:30.706+0000] {processor.py:840} INFO - DAG(s) '1_load_csv_to_snowflake' retrieved from /opt/airflow/dags/1_load_csv_to_snowflake.py
[2026-03-12T21:37:30.728+0000] {logging_mixin.py:188} INFO - [2026-03-12T21:37:30.727+0000] {dag.py:3047} INFO - Sync 1 DAGs
[2026-03-12T21:37:30.742+0000] {logging_mixin.py:188} INFO - [2026-03-12T21:37:30.742+0000] {dag.py:3834} INFO - Setting next_dagrun for 1_load_csv_to_snowflake to None, run_after=None
[2026-03-12T21:37:30.760+0000] {processor.py:183} INFO - Processing /opt/airflow/dags/1_load_csv_to_snowflake.py took 0.075 seconds
[2026-03-12T21:43:54.491+0000] {processor.py:161} INFO - Started process (PID=5049) to work on /opt/airflow/dags/1_load_csv_to_snowflake.py
[2026-03-12T21:43:54.493+0000] {processor.py:830} INFO - Processing file /opt/airflow/dags/1_load_csv_to_snowflake.py for tasks to queue
[2026-03-12T21:43:54.496+0000] {logging_mixin.py:188} INFO - [2026-03-12T21:43:54.495+0000] {dagbag.py:540} INFO - Filling up the DagBag from /opt/airflow/dags/1_load_csv_to_snowflake.py
[2026-03-12T21:43:54.524+0000] {processor.py:840} INFO - DAG(s) '1_load_csv_to_snowflake' retrieved from /opt/airflow/dags/1_load_csv_to_snowflake.py
[2026-03-12T21:43:54.569+0000] {logging_mixin.py:188} INFO - [2026-03-12T21:43:54.568+0000] {dag.py:3047} INFO - Sync 1 DAGs
[2026-03-12T21:43:54.605+0000] {logging_mixin.py:188} INFO - [2026-03-12T21:43:54.605+0000] {dag.py:3834} INFO - Setting next_dagrun for 1_load_csv_to_snowflake to None, run_after=None
[2026-03-12T21:43:54.635+0000] {processor.py:183} INFO - Processing /opt/airflow/dags/1_load_csv_to_snowflake.py took 0.150 seconds
[2026-03-12T21:44:24.954+0000] {processor.py:161} INFO - Started process (PID=5103) to work on /opt/airflow/dags/1_load_csv_to_snowflake.py
[2026-03-12T21:44:24.960+0000] {processor.py:830} INFO - Processing file /opt/airflow/dags/1_load_csv_to_snowflake.py for tasks to queue
[2026-03-12T21:44:24.966+0000] {logging_mixin.py:188} INFO - [2026-03-12T21:44:24.964+0000] {dagbag.py:540} INFO - Filling up the DagBag from /opt/airflow/dags/1_load_csv_to_snowflake.py
[2026-03-12T21:44:25.018+0000] {processor.py:840} INFO - DAG(s) '1_load_csv_to_snowflake' retrieved from /opt/airflow/dags/1_load_csv_to_snowflake.py
[2026-03-12T21:44:25.148+0000] {logging_mixin.py:188} INFO - [2026-03-12T21:44:25.146+0000] {dag.py:3047} INFO - Sync 1 DAGs
[2026-03-12T21:44:25.220+0000] {logging_mixin.py:188} INFO - [2026-03-12T21:44:25.219+0000] {dag.py:3834} INFO - Setting next_dagrun for 1_load_csv_to_snowflake to None, run_after=None
[2026-03-12T21:44:25.354+0000] {processor.py:183} INFO - Processing /opt/airflow/dags/1_load_csv_to_snowflake.py took 0.420 seconds
[2026-03-12T21:53:33.114+0000] {processor.py:161} INFO - Started process (PID=5160) to work on /opt/airflow/dags/1_load_csv_to_snowflake.py
[2026-03-12T21:53:33.115+0000] {processor.py:830} INFO - Processing file /opt/airflow/dags/1_load_csv_to_snowflake.py for tasks to queue
[2026-03-12T21:53:33.118+0000] {logging_mixin.py:188} INFO - [2026-03-12T21:53:33.118+0000] {dagbag.py:540} INFO - Filling up the DagBag from /opt/airflow/dags/1_load_csv_to_snowflake.py
[2026-03-12T21:53:33.134+0000] {processor.py:840} INFO - DAG(s) '1_load_csv_to_snowflake' retrieved from /opt/airflow/dags/1_load_csv_to_snowflake.py
[2026-03-12T21:53:33.176+0000] {logging_mixin.py:188} INFO - [2026-03-12T21:53:33.175+0000] {dag.py:3047} INFO - Sync 1 DAGs
[2026-03-12T21:53:33.197+0000] {logging_mixin.py:188} INFO - [2026-03-12T21:53:33.196+0000] {dag.py:3834} INFO - Setting next_dagrun for 1_load_csv_to_snowflake to None, run_after=None
[2026-03-12T21:53:33.234+0000] {processor.py:183} INFO - Processing /opt/airflow/dags/1_load_csv_to_snowflake.py took 0.124 seconds
[2026-03-12T21:54:03.886+0000] {processor.py:161} INFO - Started process (PID=5215) to work on /opt/airflow/dags/1_load_csv_to_snowflake.py
[2026-03-12T21:54:03.892+0000] {processor.py:830} INFO - Processing file /opt/airflow/dags/1_load_csv_to_snowflake.py for tasks to queue
[2026-03-12T21:54:03.906+0000] {logging_mixin.py:188} INFO - [2026-03-12T21:54:03.903+0000] {dagbag.py:540} INFO - Filling up the DagBag from /opt/airflow/dags/1_load_csv_to_snowflake.py
[2026-03-12T21:54:03.955+0000] {processor.py:840} INFO - DAG(s) '1_load_csv_to_snowflake' retrieved from /opt/airflow/dags/1_load_csv_to_snowflake.py
[2026-03-12T21:54:04.065+0000] {logging_mixin.py:188} INFO - [2026-03-12T21:54:04.063+0000] {dag.py:3047} INFO - Sync 1 DAGs
[2026-03-12T21:54:04.133+0000] {logging_mixin.py:188} INFO - [2026-03-12T21:54:04.132+0000] {dag.py:3834} INFO - Setting next_dagrun for 1_load_csv_to_snowflake to None, run_after=None
[2026-03-12T21:54:04.227+0000] {processor.py:183} INFO - Processing /opt/airflow/dags/1_load_csv_to_snowflake.py took 0.360 seconds
[2026-03-12T23:25:01.630+0000] {processor.py:161} INFO - Started process (PID=5270) to work on /opt/airflow/dags/1_load_csv_to_snowflake.py
[2026-03-12T23:25:01.636+0000] {processor.py:830} INFO - Processing file /opt/airflow/dags/1_load_csv_to_snowflake.py for tasks to queue
[2026-03-12T23:25:01.642+0000] {logging_mixin.py:188} INFO - [2026-03-12T23:25:01.640+0000] {dagbag.py:540} INFO - Filling up the DagBag from /opt/airflow/dags/1_load_csv_to_snowflake.py
[2026-03-12T23:25:01.667+0000] {processor.py:840} INFO - DAG(s) '1_load_csv_to_snowflake' retrieved from /opt/airflow/dags/1_load_csv_to_snowflake.py
[2026-03-12T23:25:01.747+0000] {logging_mixin.py:188} INFO - [2026-03-12T23:25:01.745+0000] {dag.py:3047} INFO - Sync 1 DAGs
[2026-03-12T23:25:01.808+0000] {logging_mixin.py:188} INFO - [2026-03-12T23:25:01.806+0000] {dag.py:3834} INFO - Setting next_dagrun for 1_load_csv_to_snowflake to None, run_after=None
[2026-03-12T23:25:01.888+0000] {processor.py:183} INFO - Processing /opt/airflow/dags/1_load_csv_to_snowflake.py took 0.267 seconds
[2026-03-12T23:25:31.960+0000] {processor.py:161} INFO - Started process (PID=5318) to work on /opt/airflow/dags/1_load_csv_to_snowflake.py
[2026-03-12T23:25:31.962+0000] {processor.py:830} INFO - Processing file /opt/airflow/dags/1_load_csv_to_snowflake.py for tasks to queue
[2026-03-12T23:25:31.963+0000] {logging_mixin.py:188} INFO - [2026-03-12T23:25:31.962+0000] {dagbag.py:540} INFO - Filling up the DagBag from /opt/airflow/dags/1_load_csv_to_snowflake.py
[2026-03-12T23:25:31.973+0000] {processor.py:840} INFO - DAG(s) '1_load_csv_to_snowflake' retrieved from /opt/airflow/dags/1_load_csv_to_snowflake.py
[2026-03-12T23:25:32.001+0000] {logging_mixin.py:188} INFO - [2026-03-12T23:25:32.001+0000] {dag.py:3047} INFO - Sync 1 DAGs
[2026-03-12T23:25:32.023+0000] {logging_mixin.py:188} INFO - [2026-03-12T23:25:32.023+0000] {dag.py:3834} INFO - Setting next_dagrun for 1_load_csv_to_snowflake to None, run_after=None
[2026-03-12T23:25:32.048+0000] {processor.py:183} INFO - Processing /opt/airflow/dags/1_load_csv_to_snowflake.py took 0.092 seconds
[2026-03-12T23:26:02.541+0000] {processor.py:161} INFO - Started process (PID=5373) to work on /opt/airflow/dags/1_load_csv_to_snowflake.py
[2026-03-12T23:26:02.543+0000] {processor.py:830} INFO - Processing file /opt/airflow/dags/1_load_csv_to_snowflake.py for tasks to queue
[2026-03-12T23:26:02.544+0000] {logging_mixin.py:188} INFO - [2026-03-12T23:26:02.543+0000] {dagbag.py:540} INFO - Filling up the DagBag from /opt/airflow/dags/1_load_csv_to_snowflake.py
[2026-03-12T23:26:02.553+0000] {processor.py:840} INFO - DAG(s) '1_load_csv_to_snowflake' retrieved from /opt/airflow/dags/1_load_csv_to_snowflake.py
[2026-03-12T23:26:02.739+0000] {logging_mixin.py:188} INFO - [2026-03-12T23:26:02.739+0000] {dag.py:3047} INFO - Sync 1 DAGs
[2026-03-12T23:26:02.753+0000] {logging_mixin.py:188} INFO - [2026-03-12T23:26:02.753+0000] {dag.py:3834} INFO - Setting next_dagrun for 1_load_csv_to_snowflake to None, run_after=None
[2026-03-12T23:26:02.778+0000] {processor.py:183} INFO - Processing /opt/airflow/dags/1_load_csv_to_snowflake.py took 0.240 seconds
[2026-03-12T23:26:32.850+0000] {processor.py:161} INFO - Started process (PID=5428) to work on /opt/airflow/dags/1_load_csv_to_snowflake.py
[2026-03-12T23:26:32.852+0000] {processor.py:830} INFO - Processing file /opt/airflow/dags/1_load_csv_to_snowflake.py for tasks to queue
[2026-03-12T23:26:32.853+0000] {logging_mixin.py:188} INFO - [2026-03-12T23:26:32.853+0000] {dagbag.py:540} INFO - Filling up the DagBag from /opt/airflow/dags/1_load_csv_to_snowflake.py
[2026-03-12T23:26:32.866+0000] {processor.py:840} INFO - DAG(s) '1_load_csv_to_snowflake' retrieved from /opt/airflow/dags/1_load_csv_to_snowflake.py
[2026-03-12T23:26:32.888+0000] {logging_mixin.py:188} INFO - [2026-03-12T23:26:32.888+0000] {dag.py:3047} INFO - Sync 1 DAGs
[2026-03-12T23:26:32.903+0000] {logging_mixin.py:188} INFO - [2026-03-12T23:26:32.903+0000] {dag.py:3834} INFO - Setting next_dagrun for 1_load_csv_to_snowflake to None, run_after=None
[2026-03-12T23:26:32.927+0000] {processor.py:183} INFO - Processing /opt/airflow/dags/1_load_csv_to_snowflake.py took 0.080 seconds
[2026-03-12T23:27:03.360+0000] {processor.py:161} INFO - Started process (PID=5476) to work on /opt/airflow/dags/1_load_csv_to_snowflake.py
[2026-03-12T23:27:03.362+0000] {processor.py:830} INFO - Processing file /opt/airflow/dags/1_load_csv_to_snowflake.py for tasks to queue
[2026-03-12T23:27:03.363+0000] {logging_mixin.py:188} INFO - [2026-03-12T23:27:03.363+0000] {dagbag.py:540} INFO - Filling up the DagBag from /opt/airflow/dags/1_load_csv_to_snowflake.py
[2026-03-12T23:27:03.375+0000] {processor.py:840} INFO - DAG(s) '1_load_csv_to_snowflake' retrieved from /opt/airflow/dags/1_load_csv_to_snowflake.py
[2026-03-12T23:27:03.402+0000] {logging_mixin.py:188} INFO - [2026-03-12T23:27:03.402+0000] {dag.py:3047} INFO - Sync 1 DAGs
[2026-03-12T23:27:03.418+0000] {logging_mixin.py:188} INFO - [2026-03-12T23:27:03.418+0000] {dag.py:3834} INFO - Setting next_dagrun for 1_load_csv_to_snowflake to None, run_after=None
[2026-03-12T23:27:03.436+0000] {processor.py:183} INFO - Processing /opt/airflow/dags/1_load_csv_to_snowflake.py took 0.080 seconds
[2026-03-12T23:27:34.316+0000] {processor.py:161} INFO - Started process (PID=5531) to work on /opt/airflow/dags/1_load_csv_to_snowflake.py
[2026-03-12T23:27:34.317+0000] {processor.py:830} INFO - Processing file /opt/airflow/dags/1_load_csv_to_snowflake.py for tasks to queue
[2026-03-12T23:27:34.319+0000] {logging_mixin.py:188} INFO - [2026-03-12T23:27:34.318+0000] {dagbag.py:540} INFO - Filling up the DagBag from /opt/airflow/dags/1_load_csv_to_snowflake.py
[2026-03-12T23:27:34.331+0000] {processor.py:840} INFO - DAG(s) '1_load_csv_to_snowflake' retrieved from /opt/airflow/dags/1_load_csv_to_snowflake.py
[2026-03-12T23:27:34.367+0000] {logging_mixin.py:188} INFO - [2026-03-12T23:27:34.367+0000] {dag.py:3047} INFO - Sync 1 DAGs
[2026-03-12T23:27:34.381+0000] {logging_mixin.py:188} INFO - [2026-03-12T23:27:34.380+0000] {dag.py:3834} INFO - Setting next_dagrun for 1_load_csv_to_snowflake to None, run_after=None
[2026-03-12T23:27:34.399+0000] {processor.py:183} INFO - Processing /opt/airflow/dags/1_load_csv_to_snowflake.py took 0.087 seconds
[2026-03-12T23:28:04.603+0000] {processor.py:161} INFO - Started process (PID=5586) to work on /opt/airflow/dags/1_load_csv_to_snowflake.py
[2026-03-12T23:28:04.604+0000] {processor.py:830} INFO - Processing file /opt/airflow/dags/1_load_csv_to_snowflake.py for tasks to queue
[2026-03-12T23:28:04.605+0000] {logging_mixin.py:188} INFO - [2026-03-12T23:28:04.605+0000] {dagbag.py:540} INFO - Filling up the DagBag from /opt/airflow/dags/1_load_csv_to_snowflake.py
[2026-03-12T23:28:04.614+0000] {processor.py:840} INFO - DAG(s) '1_load_csv_to_snowflake' retrieved from /opt/airflow/dags/1_load_csv_to_snowflake.py
[2026-03-12T23:28:04.635+0000] {logging_mixin.py:188} INFO - [2026-03-12T23:28:04.635+0000] {dag.py:3047} INFO - Sync 1 DAGs
[2026-03-12T23:28:04.648+0000] {logging_mixin.py:188} INFO - [2026-03-12T23:28:04.648+0000] {dag.py:3834} INFO - Setting next_dagrun for 1_load_csv_to_snowflake to None, run_after=None
[2026-03-12T23:28:04.667+0000] {processor.py:183} INFO - Processing /opt/airflow/dags/1_load_csv_to_snowflake.py took 0.068 seconds
[2026-03-12T23:28:34.977+0000] {processor.py:161} INFO - Started process (PID=5640) to work on /opt/airflow/dags/1_load_csv_to_snowflake.py
[2026-03-12T23:28:34.978+0000] {processor.py:830} INFO - Processing file /opt/airflow/dags/1_load_csv_to_snowflake.py for tasks to queue
[2026-03-12T23:28:34.979+0000] {logging_mixin.py:188} INFO - [2026-03-12T23:28:34.979+0000] {dagbag.py:540} INFO - Filling up the DagBag from /opt/airflow/dags/1_load_csv_to_snowflake.py
[2026-03-12T23:28:34.989+0000] {processor.py:840} INFO - DAG(s) '1_load_csv_to_snowflake' retrieved from /opt/airflow/dags/1_load_csv_to_snowflake.py
[2026-03-12T23:28:35.022+0000] {logging_mixin.py:188} INFO - [2026-03-12T23:28:35.022+0000] {dag.py:3047} INFO - Sync 1 DAGs
[2026-03-12T23:28:35.036+0000] {logging_mixin.py:188} INFO - [2026-03-12T23:28:35.036+0000] {dag.py:3834} INFO - Setting next_dagrun for 1_load_csv_to_snowflake to None, run_after=None
[2026-03-12T23:28:35.055+0000] {processor.py:183} INFO - Processing /opt/airflow/dags/1_load_csv_to_snowflake.py took 0.083 seconds
[2026-03-12T23:29:05.396+0000] {processor.py:161} INFO - Started process (PID=5695) to work on /opt/airflow/dags/1_load_csv_to_snowflake.py
[2026-03-12T23:29:05.398+0000] {processor.py:830} INFO - Processing file /opt/airflow/dags/1_load_csv_to_snowflake.py for tasks to queue
[2026-03-12T23:29:05.399+0000] {logging_mixin.py:188} INFO - [2026-03-12T23:29:05.398+0000] {dagbag.py:540} INFO - Filling up the DagBag from /opt/airflow/dags/1_load_csv_to_snowflake.py
[2026-03-12T23:29:05.409+0000] {processor.py:840} INFO - DAG(s) '1_load_csv_to_snowflake' retrieved from /opt/airflow/dags/1_load_csv_to_snowflake.py
[2026-03-12T23:29:05.442+0000] {logging_mixin.py:188} INFO - [2026-03-12T23:29:05.442+0000] {dag.py:3047} INFO - Sync 1 DAGs
[2026-03-12T23:29:05.454+0000] {logging_mixin.py:188} INFO - [2026-03-12T23:29:05.454+0000] {dag.py:3834} INFO - Setting next_dagrun for 1_load_csv_to_snowflake to None, run_after=None
[2026-03-12T23:29:05.473+0000] {processor.py:183} INFO - Processing /opt/airflow/dags/1_load_csv_to_snowflake.py took 0.080 seconds
[2026-03-12T23:29:35.622+0000] {processor.py:161} INFO - Started process (PID=5745) to work on /opt/airflow/dags/1_load_csv_to_snowflake.py
[2026-03-12T23:29:35.623+0000] {processor.py:830} INFO - Processing file /opt/airflow/dags/1_load_csv_to_snowflake.py for tasks to queue
[2026-03-12T23:29:35.624+0000] {logging_mixin.py:188} INFO - [2026-03-12T23:29:35.624+0000] {dagbag.py:540} INFO - Filling up the DagBag from /opt/airflow/dags/1_load_csv_to_snowflake.py
[2026-03-12T23:29:35.639+0000] {processor.py:840} INFO - DAG(s) '1_load_csv_to_snowflake' retrieved from /opt/airflow/dags/1_load_csv_to_snowflake.py
[2026-03-12T23:29:35.671+0000] {logging_mixin.py:188} INFO - [2026-03-12T23:29:35.671+0000] {dag.py:3047} INFO - Sync 1 DAGs
[2026-03-12T23:29:35.685+0000] {logging_mixin.py:188} INFO - [2026-03-12T23:29:35.685+0000] {dag.py:3834} INFO - Setting next_dagrun for 1_load_csv_to_snowflake to None, run_after=None
[2026-03-12T23:29:35.703+0000] {processor.py:183} INFO - Processing /opt/airflow/dags/1_load_csv_to_snowflake.py took 0.086 seconds
[2026-03-12T23:30:05.969+0000] {processor.py:161} INFO - Started process (PID=5800) to work on /opt/airflow/dags/1_load_csv_to_snowflake.py
[2026-03-12T23:30:05.971+0000] {processor.py:830} INFO - Processing file /opt/airflow/dags/1_load_csv_to_snowflake.py for tasks to queue
[2026-03-12T23:30:05.972+0000] {logging_mixin.py:188} INFO - [2026-03-12T23:30:05.972+0000] {dagbag.py:540} INFO - Filling up the DagBag from /opt/airflow/dags/1_load_csv_to_snowflake.py
[2026-03-12T23:30:05.985+0000] {processor.py:840} INFO - DAG(s) '1_load_csv_to_snowflake' retrieved from /opt/airflow/dags/1_load_csv_to_snowflake.py
[2026-03-12T23:30:06.010+0000] {logging_mixin.py:188} INFO - [2026-03-12T23:30:06.010+0000] {dag.py:3047} INFO - Sync 1 DAGs
[2026-03-12T23:30:06.029+0000] {logging_mixin.py:188} INFO - [2026-03-12T23:30:06.029+0000] {dag.py:3834} INFO - Setting next_dagrun for 1_load_csv_to_snowflake to None, run_after=None
[2026-03-12T23:30:06.047+0000] {processor.py:183} INFO - Processing /opt/airflow/dags/1_load_csv_to_snowflake.py took 0.082 seconds
[2026-03-12T23:30:36.228+0000] {processor.py:161} INFO - Started process (PID=5855) to work on /opt/airflow/dags/1_load_csv_to_snowflake.py
[2026-03-12T23:30:36.229+0000] {processor.py:830} INFO - Processing file /opt/airflow/dags/1_load_csv_to_snowflake.py for tasks to queue
[2026-03-12T23:30:36.230+0000] {logging_mixin.py:188} INFO - [2026-03-12T23:30:36.230+0000] {dagbag.py:540} INFO - Filling up the DagBag from /opt/airflow/dags/1_load_csv_to_snowflake.py
[2026-03-12T23:30:36.242+0000] {processor.py:840} INFO - DAG(s) '1_load_csv_to_snowflake' retrieved from /opt/airflow/dags/1_load_csv_to_snowflake.py
[2026-03-12T23:30:36.278+0000] {logging_mixin.py:188} INFO - [2026-03-12T23:30:36.277+0000] {dag.py:3047} INFO - Sync 1 DAGs
[2026-03-12T23:30:36.295+0000] {logging_mixin.py:188} INFO - [2026-03-12T23:30:36.295+0000] {dag.py:3834} INFO - Setting next_dagrun for 1_load_csv_to_snowflake to None, run_after=None
[2026-03-12T23:30:36.316+0000] {processor.py:183} INFO - Processing /opt/airflow/dags/1_load_csv_to_snowflake.py took 0.093 seconds
[2026-03-12T23:31:06.659+0000] {processor.py:161} INFO - Started process (PID=5910) to work on /opt/airflow/dags/1_load_csv_to_snowflake.py
[2026-03-12T23:31:06.661+0000] {processor.py:830} INFO - Processing file /opt/airflow/dags/1_load_csv_to_snowflake.py for tasks to queue
[2026-03-12T23:31:06.662+0000] {logging_mixin.py:188} INFO - [2026-03-12T23:31:06.662+0000] {dagbag.py:540} INFO - Filling up the DagBag from /opt/airflow/dags/1_load_csv_to_snowflake.py
[2026-03-12T23:31:06.680+0000] {processor.py:840} INFO - DAG(s) '1_load_csv_to_snowflake' retrieved from /opt/airflow/dags/1_load_csv_to_snowflake.py
[2026-03-12T23:31:06.707+0000] {logging_mixin.py:188} INFO - [2026-03-12T23:31:06.707+0000] {dag.py:3047} INFO - Sync 1 DAGs
[2026-03-12T23:31:06.730+0000] {logging_mixin.py:188} INFO - [2026-03-12T23:31:06.730+0000] {dag.py:3834} INFO - Setting next_dagrun for 1_load_csv_to_snowflake to None, run_after=None
[2026-03-12T23:31:06.758+0000] {processor.py:183} INFO - Processing /opt/airflow/dags/1_load_csv_to_snowflake.py took 0.104 seconds
[2026-03-12T23:31:37.127+0000] {processor.py:161} INFO - Started process (PID=5965) to work on /opt/airflow/dags/1_load_csv_to_snowflake.py
[2026-03-12T23:31:37.128+0000] {processor.py:830} INFO - Processing file /opt/airflow/dags/1_load_csv_to_snowflake.py for tasks to queue
[2026-03-12T23:31:37.130+0000] {logging_mixin.py:188} INFO - [2026-03-12T23:31:37.129+0000] {dagbag.py:540} INFO - Filling up the DagBag from /opt/airflow/dags/1_load_csv_to_snowflake.py
[2026-03-12T23:31:37.143+0000] {processor.py:840} INFO - DAG(s) '1_load_csv_to_snowflake' retrieved from /opt/airflow/dags/1_load_csv_to_snowflake.py
[2026-03-12T23:31:37.189+0000] {logging_mixin.py:188} INFO - [2026-03-12T23:31:37.189+0000] {dag.py:3047} INFO - Sync 1 DAGs
[2026-03-12T23:31:37.213+0000] {logging_mixin.py:188} INFO - [2026-03-12T23:31:37.212+0000] {dag.py:3834} INFO - Setting next_dagrun for 1_load_csv_to_snowflake to None, run_after=None
[2026-03-12T23:31:37.239+0000] {processor.py:183} INFO - Processing /opt/airflow/dags/1_load_csv_to_snowflake.py took 0.117 seconds
[2026-03-12T23:32:07.458+0000] {processor.py:161} INFO - Started process (PID=6020) to work on /opt/airflow/dags/1_load_csv_to_snowflake.py
[2026-03-12T23:32:07.459+0000] {processor.py:830} INFO - Processing file /opt/airflow/dags/1_load_csv_to_snowflake.py for tasks to queue
[2026-03-12T23:32:07.460+0000] {logging_mixin.py:188} INFO - [2026-03-12T23:32:07.459+0000] {dagbag.py:540} INFO - Filling up the DagBag from /opt/airflow/dags/1_load_csv_to_snowflake.py
[2026-03-12T23:32:07.468+0000] {processor.py:840} INFO - DAG(s) '1_load_csv_to_snowflake' retrieved from /opt/airflow/dags/1_load_csv_to_snowflake.py
[2026-03-12T23:32:07.496+0000] {logging_mixin.py:188} INFO - [2026-03-12T23:32:07.496+0000] {dag.py:3047} INFO - Sync 1 DAGs
[2026-03-12T23:32:07.513+0000] {logging_mixin.py:188} INFO - [2026-03-12T23:32:07.513+0000] {dag.py:3834} INFO - Setting next_dagrun for 1_load_csv_to_snowflake to None, run_after=None
[2026-03-12T23:32:07.539+0000] {processor.py:183} INFO - Processing /opt/airflow/dags/1_load_csv_to_snowflake.py took 0.085 seconds
[2026-03-12T23:32:37.621+0000] {processor.py:161} INFO - Started process (PID=6075) to work on /opt/airflow/dags/1_load_csv_to_snowflake.py
[2026-03-12T23:32:37.623+0000] {processor.py:830} INFO - Processing file /opt/airflow/dags/1_load_csv_to_snowflake.py for tasks to queue
[2026-03-12T23:32:37.624+0000] {logging_mixin.py:188} INFO - [2026-03-12T23:32:37.624+0000] {dagbag.py:540} INFO - Filling up the DagBag from /opt/airflow/dags/1_load_csv_to_snowflake.py
[2026-03-12T23:32:37.635+0000] {processor.py:840} INFO - DAG(s) '1_load_csv_to_snowflake' retrieved from /opt/airflow/dags/1_load_csv_to_snowflake.py
[2026-03-12T23:32:37.663+0000] {logging_mixin.py:188} INFO - [2026-03-12T23:32:37.663+0000] {dag.py:3047} INFO - Sync 1 DAGs
[2026-03-12T23:32:37.680+0000] {logging_mixin.py:188} INFO - [2026-03-12T23:32:37.680+0000] {dag.py:3834} INFO - Setting next_dagrun for 1_load_csv_to_snowflake to None, run_after=None
[2026-03-12T23:32:37.700+0000] {processor.py:183} INFO - Processing /opt/airflow/dags/1_load_csv_to_snowflake.py took 0.083 seconds
[2026-03-12T23:33:07.793+0000] {processor.py:161} INFO - Started process (PID=6130) to work on /opt/airflow/dags/1_load_csv_to_snowflake.py
[2026-03-12T23:33:07.794+0000] {processor.py:830} INFO - Processing file /opt/airflow/dags/1_load_csv_to_snowflake.py for tasks to queue
[2026-03-12T23:33:07.795+0000] {logging_mixin.py:188} INFO - [2026-03-12T23:33:07.795+0000] {dagbag.py:540} INFO - Filling up the DagBag from /opt/airflow/dags/1_load_csv_to_snowflake.py
[2026-03-12T23:33:07.803+0000] {processor.py:840} INFO - DAG(s) '1_load_csv_to_snowflake' retrieved from /opt/airflow/dags/1_load_csv_to_snowflake.py
[2026-03-12T23:33:07.822+0000] {logging_mixin.py:188} INFO - [2026-03-12T23:33:07.822+0000] {dag.py:3047} INFO - Sync 1 DAGs
[2026-03-12T23:33:07.834+0000] {logging_mixin.py:188} INFO - [2026-03-12T23:33:07.834+0000] {dag.py:3834} INFO - Setting next_dagrun for 1_load_csv_to_snowflake to None, run_after=None
[2026-03-12T23:33:07.850+0000] {processor.py:183} INFO - Processing /opt/airflow/dags/1_load_csv_to_snowflake.py took 0.060 seconds
[2026-03-12T23:33:38.155+0000] {processor.py:161} INFO - Started process (PID=6185) to work on /opt/airflow/dags/1_load_csv_to_snowflake.py
[2026-03-12T23:33:38.157+0000] {processor.py:830} INFO - Processing file /opt/airflow/dags/1_load_csv_to_snowflake.py for tasks to queue
[2026-03-12T23:33:38.159+0000] {logging_mixin.py:188} INFO - [2026-03-12T23:33:38.158+0000] {dagbag.py:540} INFO - Filling up the DagBag from /opt/airflow/dags/1_load_csv_to_snowflake.py
[2026-03-12T23:33:38.172+0000] {processor.py:840} INFO - DAG(s) '1_load_csv_to_snowflake' retrieved from /opt/airflow/dags/1_load_csv_to_snowflake.py
[2026-03-12T23:33:38.197+0000] {logging_mixin.py:188} INFO - [2026-03-12T23:33:38.197+0000] {dag.py:3047} INFO - Sync 1 DAGs
[2026-03-12T23:33:38.213+0000] {logging_mixin.py:188} INFO - [2026-03-12T23:33:38.213+0000] {dag.py:3834} INFO - Setting next_dagrun for 1_load_csv_to_snowflake to None, run_after=None
[2026-03-12T23:33:38.244+0000] {processor.py:183} INFO - Processing /opt/airflow/dags/1_load_csv_to_snowflake.py took 0.092 seconds
[2026-03-12T23:34:08.358+0000] {processor.py:161} INFO - Started process (PID=6240) to work on /opt/airflow/dags/1_load_csv_to_snowflake.py
[2026-03-12T23:34:08.360+0000] {processor.py:830} INFO - Processing file /opt/airflow/dags/1_load_csv_to_snowflake.py for tasks to queue
[2026-03-12T23:34:08.361+0000] {logging_mixin.py:188} INFO - [2026-03-12T23:34:08.361+0000] {dagbag.py:540} INFO - Filling up the DagBag from /opt/airflow/dags/1_load_csv_to_snowflake.py
[2026-03-12T23:34:08.372+0000] {processor.py:840} INFO - DAG(s) '1_load_csv_to_snowflake' retrieved from /opt/airflow/dags/1_load_csv_to_snowflake.py
[2026-03-12T23:34:08.398+0000] {logging_mixin.py:188} INFO - [2026-03-12T23:34:08.398+0000] {dag.py:3047} INFO - Sync 1 DAGs
[2026-03-12T23:34:08.414+0000] {logging_mixin.py:188} INFO - [2026-03-12T23:34:08.414+0000] {dag.py:3834} INFO - Setting next_dagrun for 1_load_csv_to_snowflake to None, run_after=None
[2026-03-12T23:34:08.437+0000] {processor.py:183} INFO - Processing /opt/airflow/dags/1_load_csv_to_snowflake.py took 0.084 seconds
[2026-03-12T23:34:38.626+0000] {processor.py:161} INFO - Started process (PID=6295) to work on /opt/airflow/dags/1_load_csv_to_snowflake.py
[2026-03-12T23:34:38.627+0000] {processor.py:830} INFO - Processing file /opt/airflow/dags/1_load_csv_to_snowflake.py for tasks to queue
[2026-03-12T23:34:38.629+0000] {logging_mixin.py:188} INFO - [2026-03-12T23:34:38.628+0000] {dagbag.py:540} INFO - Filling up the DagBag from /opt/airflow/dags/1_load_csv_to_snowflake.py
[2026-03-12T23:34:38.645+0000] {processor.py:840} INFO - DAG(s) '1_load_csv_to_snowflake' retrieved from /opt/airflow/dags/1_load_csv_to_snowflake.py
[2026-03-12T23:34:38.676+0000] {logging_mixin.py:188} INFO - [2026-03-12T23:34:38.676+0000] {dag.py:3047} INFO - Sync 1 DAGs
[2026-03-12T23:34:38.690+0000] {logging_mixin.py:188} INFO - [2026-03-12T23:34:38.690+0000] {dag.py:3834} INFO - Setting next_dagrun for 1_load_csv_to_snowflake to None, run_after=None
[2026-03-12T23:34:38.710+0000] {processor.py:183} INFO - Processing /opt/airflow/dags/1_load_csv_to_snowflake.py took 0.089 seconds
[2026-03-12T23:35:08.817+0000] {processor.py:161} INFO - Started process (PID=6350) to work on /opt/airflow/dags/1_load_csv_to_snowflake.py
[2026-03-12T23:35:08.818+0000] {processor.py:830} INFO - Processing file /opt/airflow/dags/1_load_csv_to_snowflake.py for tasks to queue
[2026-03-12T23:35:08.819+0000] {logging_mixin.py:188} INFO - [2026-03-12T23:35:08.818+0000] {dagbag.py:540} INFO - Filling up the DagBag from /opt/airflow/dags/1_load_csv_to_snowflake.py
[2026-03-12T23:35:08.828+0000] {processor.py:840} INFO - DAG(s) '1_load_csv_to_snowflake' retrieved from /opt/airflow/dags/1_load_csv_to_snowflake.py
[2026-03-12T23:35:08.855+0000] {logging_mixin.py:188} INFO - [2026-03-12T23:35:08.855+0000] {dag.py:3047} INFO - Sync 1 DAGs
[2026-03-12T23:35:08.872+0000] {logging_mixin.py:188} INFO - [2026-03-12T23:35:08.872+0000] {dag.py:3834} INFO - Setting next_dagrun for 1_load_csv_to_snowflake to None, run_after=None
[2026-03-12T23:35:08.892+0000] {processor.py:183} INFO - Processing /opt/airflow/dags/1_load_csv_to_snowflake.py took 0.079 seconds
[2026-03-12T23:35:39.359+0000] {processor.py:161} INFO - Started process (PID=6405) to work on /opt/airflow/dags/1_load_csv_to_snowflake.py
[2026-03-12T23:35:39.360+0000] {processor.py:830} INFO - Processing file /opt/airflow/dags/1_load_csv_to_snowflake.py for tasks to queue
[2026-03-12T23:35:39.362+0000] {logging_mixin.py:188} INFO - [2026-03-12T23:35:39.361+0000] {dagbag.py:540} INFO - Filling up the DagBag from /opt/airflow/dags/1_load_csv_to_snowflake.py
[2026-03-12T23:35:39.381+0000] {processor.py:840} INFO - DAG(s) '1_load_csv_to_snowflake' retrieved from /opt/airflow/dags/1_load_csv_to_snowflake.py
[2026-03-12T23:35:39.413+0000] {logging_mixin.py:188} INFO - [2026-03-12T23:35:39.412+0000] {dag.py:3047} INFO - Sync 1 DAGs
[2026-03-12T23:35:39.429+0000] {logging_mixin.py:188} INFO - [2026-03-12T23:35:39.429+0000] {dag.py:3834} INFO - Setting next_dagrun for 1_load_csv_to_snowflake to None, run_after=None
[2026-03-12T23:35:39.447+0000] {processor.py:183} INFO - Processing /opt/airflow/dags/1_load_csv_to_snowflake.py took 0.093 seconds
[2026-03-12T23:36:09.510+0000] {processor.py:161} INFO - Started process (PID=6460) to work on /opt/airflow/dags/1_load_csv_to_snowflake.py
[2026-03-12T23:36:09.511+0000] {processor.py:830} INFO - Processing file /opt/airflow/dags/1_load_csv_to_snowflake.py for tasks to queue
[2026-03-12T23:36:09.512+0000] {logging_mixin.py:188} INFO - [2026-03-12T23:36:09.512+0000] {dagbag.py:540} INFO - Filling up the DagBag from /opt/airflow/dags/1_load_csv_to_snowflake.py
[2026-03-12T23:36:09.523+0000] {processor.py:840} INFO - DAG(s) '1_load_csv_to_snowflake' retrieved from /opt/airflow/dags/1_load_csv_to_snowflake.py
[2026-03-12T23:36:09.547+0000] {logging_mixin.py:188} INFO - [2026-03-12T23:36:09.546+0000] {dag.py:3047} INFO - Sync 1 DAGs
[2026-03-12T23:36:09.561+0000] {logging_mixin.py:188} INFO - [2026-03-12T23:36:09.560+0000] {dag.py:3834} INFO - Setting next_dagrun for 1_load_csv_to_snowflake to None, run_after=None
[2026-03-12T23:36:09.581+0000] {processor.py:183} INFO - Processing /opt/airflow/dags/1_load_csv_to_snowflake.py took 0.076 seconds
[2026-03-12T23:36:16.707+0000] {processor.py:161} INFO - Started process (PID=6506) to work on /opt/airflow/dags/1_load_csv_to_snowflake.py
[2026-03-12T23:36:16.708+0000] {processor.py:830} INFO - Processing file /opt/airflow/dags/1_load_csv_to_snowflake.py for tasks to queue
[2026-03-12T23:36:16.709+0000] {logging_mixin.py:188} INFO - [2026-03-12T23:36:16.709+0000] {dagbag.py:540} INFO - Filling up the DagBag from /opt/airflow/dags/1_load_csv_to_snowflake.py
[2026-03-12T23:36:16.721+0000] {processor.py:840} INFO - DAG(s) '1_load_csv_to_snowflake' retrieved from /opt/airflow/dags/1_load_csv_to_snowflake.py
[2026-03-12T23:36:16.834+0000] {logging_mixin.py:188} INFO - [2026-03-12T23:36:16.834+0000] {dag.py:3047} INFO - Sync 1 DAGs
[2026-03-12T23:36:16.846+0000] {logging_mixin.py:188} INFO - [2026-03-12T23:36:16.845+0000] {dag.py:3834} INFO - Setting next_dagrun for 1_load_csv_to_snowflake to None, run_after=None
[2026-03-12T23:36:16.869+0000] {processor.py:183} INFO - Processing /opt/airflow/dags/1_load_csv_to_snowflake.py took 0.166 seconds
[2026-03-12T23:36:46.936+0000] {processor.py:161} INFO - Started process (PID=6561) to work on /opt/airflow/dags/1_load_csv_to_snowflake.py
[2026-03-12T23:36:46.938+0000] {processor.py:830} INFO - Processing file /opt/airflow/dags/1_load_csv_to_snowflake.py for tasks to queue
[2026-03-12T23:36:46.939+0000] {logging_mixin.py:188} INFO - [2026-03-12T23:36:46.938+0000] {dagbag.py:540} INFO - Filling up the DagBag from /opt/airflow/dags/1_load_csv_to_snowflake.py
[2026-03-12T23:36:46.949+0000] {processor.py:840} INFO - DAG(s) '1_load_csv_to_snowflake' retrieved from /opt/airflow/dags/1_load_csv_to_snowflake.py
[2026-03-12T23:36:46.970+0000] {logging_mixin.py:188} INFO - [2026-03-12T23:36:46.969+0000] {dag.py:3047} INFO - Sync 1 DAGs
[2026-03-12T23:36:46.983+0000] {logging_mixin.py:188} INFO - [2026-03-12T23:36:46.983+0000] {dag.py:3834} INFO - Setting next_dagrun for 1_load_csv_to_snowflake to None, run_after=None
[2026-03-12T23:36:47.001+0000] {processor.py:183} INFO - Processing /opt/airflow/dags/1_load_csv_to_snowflake.py took 0.069 seconds
[2026-03-12T23:37:17.175+0000] {processor.py:161} INFO - Started process (PID=6615) to work on /opt/airflow/dags/1_load_csv_to_snowflake.py
[2026-03-12T23:37:17.176+0000] {processor.py:830} INFO - Processing file /opt/airflow/dags/1_load_csv_to_snowflake.py for tasks to queue
[2026-03-12T23:37:17.177+0000] {logging_mixin.py:188} INFO - [2026-03-12T23:37:17.177+0000] {dagbag.py:540} INFO - Filling up the DagBag from /opt/airflow/dags/1_load_csv_to_snowflake.py
[2026-03-12T23:37:17.188+0000] {processor.py:840} INFO - DAG(s) '1_load_csv_to_snowflake' retrieved from /opt/airflow/dags/1_load_csv_to_snowflake.py
[2026-03-12T23:37:17.222+0000] {logging_mixin.py:188} INFO - [2026-03-12T23:37:17.221+0000] {dag.py:3047} INFO - Sync 1 DAGs
[2026-03-12T23:37:17.241+0000] {logging_mixin.py:188} INFO - [2026-03-12T23:37:17.240+0000] {dag.py:3834} INFO - Setting next_dagrun for 1_load_csv_to_snowflake to None, run_after=None
[2026-03-12T23:37:17.275+0000] {processor.py:183} INFO - Processing /opt/airflow/dags/1_load_csv_to_snowflake.py took 0.104 seconds
[2026-03-12T23:37:47.358+0000] {processor.py:161} INFO - Started process (PID=6670) to work on /opt/airflow/dags/1_load_csv_to_snowflake.py
[2026-03-12T23:37:47.359+0000] {processor.py:830} INFO - Processing file /opt/airflow/dags/1_load_csv_to_snowflake.py for tasks to queue
[2026-03-12T23:37:47.361+0000] {logging_mixin.py:188} INFO - [2026-03-12T23:37:47.361+0000] {dagbag.py:540} INFO - Filling up the DagBag from /opt/airflow/dags/1_load_csv_to_snowflake.py
[2026-03-12T23:37:47.375+0000] {processor.py:840} INFO - DAG(s) '1_load_csv_to_snowflake' retrieved from /opt/airflow/dags/1_load_csv_to_snowflake.py
[2026-03-12T23:37:47.399+0000] {logging_mixin.py:188} INFO - [2026-03-12T23:37:47.398+0000] {dag.py:3047} INFO - Sync 1 DAGs
[2026-03-12T23:37:47.414+0000] {logging_mixin.py:188} INFO - [2026-03-12T23:37:47.414+0000] {dag.py:3834} INFO - Setting next_dagrun for 1_load_csv_to_snowflake to None, run_after=None
[2026-03-12T23:37:47.442+0000] {processor.py:183} INFO - Processing /opt/airflow/dags/1_load_csv_to_snowflake.py took 0.088 seconds
[2026-03-12T23:38:12.710+0000] {processor.py:161} INFO - Started process (PID=6692) to work on /opt/airflow/dags/1_load_csv_to_snowflake.py
[2026-03-12T23:38:12.712+0000] {processor.py:830} INFO - Processing file /opt/airflow/dags/1_load_csv_to_snowflake.py for tasks to queue
[2026-03-12T23:38:12.714+0000] {logging_mixin.py:188} INFO - [2026-03-12T23:38:12.714+0000] {dagbag.py:540} INFO - Filling up the DagBag from /opt/airflow/dags/1_load_csv_to_snowflake.py
[2026-03-12T23:38:12.732+0000] {processor.py:840} INFO - DAG(s) '1_load_csv_to_snowflake' retrieved from /opt/airflow/dags/1_load_csv_to_snowflake.py
[2026-03-12T23:38:12.758+0000] {logging_mixin.py:188} INFO - [2026-03-12T23:38:12.758+0000] {dag.py:3047} INFO - Sync 1 DAGs
[2026-03-12T23:38:12.774+0000] {logging_mixin.py:188} INFO - [2026-03-12T23:38:12.773+0000] {dag.py:3834} INFO - Setting next_dagrun for 1_load_csv_to_snowflake to None, run_after=None
[2026-03-12T23:38:12.808+0000] {processor.py:183} INFO - Processing /opt/airflow/dags/1_load_csv_to_snowflake.py took 0.103 seconds
[2026-03-12T23:38:43.220+0000] {processor.py:161} INFO - Started process (PID=6747) to work on /opt/airflow/dags/1_load_csv_to_snowflake.py
[2026-03-12T23:38:43.221+0000] {processor.py:830} INFO - Processing file /opt/airflow/dags/1_load_csv_to_snowflake.py for tasks to queue
[2026-03-12T23:38:43.222+0000] {logging_mixin.py:188} INFO - [2026-03-12T23:38:43.222+0000] {dagbag.py:540} INFO - Filling up the DagBag from /opt/airflow/dags/1_load_csv_to_snowflake.py
[2026-03-12T23:38:43.238+0000] {processor.py:840} INFO - DAG(s) '1_load_csv_to_snowflake' retrieved from /opt/airflow/dags/1_load_csv_to_snowflake.py
[2026-03-12T23:38:43.266+0000] {logging_mixin.py:188} INFO - [2026-03-12T23:38:43.265+0000] {dag.py:3047} INFO - Sync 1 DAGs
[2026-03-12T23:38:43.281+0000] {logging_mixin.py:188} INFO - [2026-03-12T23:38:43.281+0000] {dag.py:3834} INFO - Setting next_dagrun for 1_load_csv_to_snowflake to None, run_after=None
[2026-03-12T23:38:43.302+0000] {processor.py:183} INFO - Processing /opt/airflow/dags/1_load_csv_to_snowflake.py took 0.086 seconds
[2026-03-12T23:39:13.536+0000] {processor.py:161} INFO - Started process (PID=6802) to work on /opt/airflow/dags/1_load_csv_to_snowflake.py
[2026-03-12T23:39:13.538+0000] {processor.py:830} INFO - Processing file /opt/airflow/dags/1_load_csv_to_snowflake.py for tasks to queue
[2026-03-12T23:39:13.539+0000] {logging_mixin.py:188} INFO - [2026-03-12T23:39:13.539+0000] {dagbag.py:540} INFO - Filling up the DagBag from /opt/airflow/dags/1_load_csv_to_snowflake.py
[2026-03-12T23:39:13.553+0000] {processor.py:840} INFO - DAG(s) '1_load_csv_to_snowflake' retrieved from /opt/airflow/dags/1_load_csv_to_snowflake.py
[2026-03-12T23:39:13.578+0000] {logging_mixin.py:188} INFO - [2026-03-12T23:39:13.577+0000] {dag.py:3047} INFO - Sync 1 DAGs
[2026-03-12T23:39:13.597+0000] {logging_mixin.py:188} INFO - [2026-03-12T23:39:13.597+0000] {dag.py:3834} INFO - Setting next_dagrun for 1_load_csv_to_snowflake to None, run_after=None
[2026-03-12T23:39:13.617+0000] {processor.py:183} INFO - Processing /opt/airflow/dags/1_load_csv_to_snowflake.py took 0.085 seconds
[2026-03-12T23:39:43.743+0000] {processor.py:161} INFO - Started process (PID=6857) to work on /opt/airflow/dags/1_load_csv_to_snowflake.py
[2026-03-12T23:39:43.744+0000] {processor.py:830} INFO - Processing file /opt/airflow/dags/1_load_csv_to_snowflake.py for tasks to queue
[2026-03-12T23:39:43.745+0000] {logging_mixin.py:188} INFO - [2026-03-12T23:39:43.744+0000] {dagbag.py:540} INFO - Filling up the DagBag from /opt/airflow/dags/1_load_csv_to_snowflake.py
[2026-03-12T23:39:43.755+0000] {processor.py:840} INFO - DAG(s) '1_load_csv_to_snowflake' retrieved from /opt/airflow/dags/1_load_csv_to_snowflake.py
[2026-03-12T23:39:43.777+0000] {logging_mixin.py:188} INFO - [2026-03-12T23:39:43.777+0000] {dag.py:3047} INFO - Sync 1 DAGs
[2026-03-12T23:39:43.799+0000] {logging_mixin.py:188} INFO - [2026-03-12T23:39:43.798+0000] {dag.py:3834} INFO - Setting next_dagrun for 1_load_csv_to_snowflake to None, run_after=None
[2026-03-12T23:39:43.825+0000] {processor.py:183} INFO - Processing /opt/airflow/dags/1_load_csv_to_snowflake.py took 0.086 seconds
[2026-03-12T23:40:14.096+0000] {processor.py:161} INFO - Started process (PID=6912) to work on /opt/airflow/dags/1_load_csv_to_snowflake.py
[2026-03-12T23:40:14.098+0000] {processor.py:830} INFO - Processing file /opt/airflow/dags/1_load_csv_to_snowflake.py for tasks to queue
[2026-03-12T23:40:14.099+0000] {logging_mixin.py:188} INFO - [2026-03-12T23:40:14.099+0000] {dagbag.py:540} INFO - Filling up the DagBag from /opt/airflow/dags/1_load_csv_to_snowflake.py
[2026-03-12T23:40:14.113+0000] {processor.py:840} INFO - DAG(s) '1_load_csv_to_snowflake' retrieved from /opt/airflow/dags/1_load_csv_to_snowflake.py
[2026-03-12T23:40:14.137+0000] {logging_mixin.py:188} INFO - [2026-03-12T23:40:14.136+0000] {dag.py:3047} INFO - Sync 1 DAGs
[2026-03-12T23:40:14.154+0000] {logging_mixin.py:188} INFO - [2026-03-12T23:40:14.154+0000] {dag.py:3834} INFO - Setting next_dagrun for 1_load_csv_to_snowflake to None, run_after=None
[2026-03-12T23:40:14.176+0000] {processor.py:183} INFO - Processing /opt/airflow/dags/1_load_csv_to_snowflake.py took 0.084 seconds
[2026-03-12T23:40:44.411+0000] {processor.py:161} INFO - Started process (PID=6967) to work on /opt/airflow/dags/1_load_csv_to_snowflake.py
[2026-03-12T23:40:44.413+0000] {processor.py:830} INFO - Processing file /opt/airflow/dags/1_load_csv_to_snowflake.py for tasks to queue
[2026-03-12T23:40:44.414+0000] {logging_mixin.py:188} INFO - [2026-03-12T23:40:44.414+0000] {dagbag.py:540} INFO - Filling up the DagBag from /opt/airflow/dags/1_load_csv_to_snowflake.py
[2026-03-12T23:40:44.428+0000] {processor.py:840} INFO - DAG(s) '1_load_csv_to_snowflake' retrieved from /opt/airflow/dags/1_load_csv_to_snowflake.py
[2026-03-12T23:40:44.450+0000] {logging_mixin.py:188} INFO - [2026-03-12T23:40:44.450+0000] {dag.py:3047} INFO - Sync 1 DAGs
[2026-03-12T23:40:44.471+0000] {logging_mixin.py:188} INFO - [2026-03-12T23:40:44.471+0000] {dag.py:3834} INFO - Setting next_dagrun for 1_load_csv_to_snowflake to None, run_after=None
[2026-03-12T23:40:44.497+0000] {processor.py:183} INFO - Processing /opt/airflow/dags/1_load_csv_to_snowflake.py took 0.090 seconds
[2026-03-12T23:41:14.802+0000] {processor.py:161} INFO - Started process (PID=7022) to work on /opt/airflow/dags/1_load_csv_to_snowflake.py
[2026-03-12T23:41:14.804+0000] {processor.py:830} INFO - Processing file /opt/airflow/dags/1_load_csv_to_snowflake.py for tasks to queue
[2026-03-12T23:41:14.805+0000] {logging_mixin.py:188} INFO - [2026-03-12T23:41:14.804+0000] {dagbag.py:540} INFO - Filling up the DagBag from /opt/airflow/dags/1_load_csv_to_snowflake.py
[2026-03-12T23:41:14.815+0000] {processor.py:840} INFO - DAG(s) '1_load_csv_to_snowflake' retrieved from /opt/airflow/dags/1_load_csv_to_snowflake.py
[2026-03-12T23:41:14.841+0000] {logging_mixin.py:188} INFO - [2026-03-12T23:41:14.841+0000] {dag.py:3047} INFO - Sync 1 DAGs
[2026-03-12T23:41:14.856+0000] {logging_mixin.py:188} INFO - [2026-03-12T23:41:14.855+0000] {dag.py:3834} INFO - Setting next_dagrun for 1_load_csv_to_snowflake to None, run_after=None
[2026-03-12T23:41:14.878+0000] {processor.py:183} INFO - Processing /opt/airflow/dags/1_load_csv_to_snowflake.py took 0.080 seconds
[2026-03-12T23:41:45.111+0000] {processor.py:161} INFO - Started process (PID=7077) to work on /opt/airflow/dags/1_load_csv_to_snowflake.py
[2026-03-12T23:41:45.113+0000] {processor.py:830} INFO - Processing file /opt/airflow/dags/1_load_csv_to_snowflake.py for tasks to queue
[2026-03-12T23:41:45.114+0000] {logging_mixin.py:188} INFO - [2026-03-12T23:41:45.113+0000] {dagbag.py:540} INFO - Filling up the DagBag from /opt/airflow/dags/1_load_csv_to_snowflake.py
[2026-03-12T23:41:45.125+0000] {processor.py:840} INFO - DAG(s) '1_load_csv_to_snowflake' retrieved from /opt/airflow/dags/1_load_csv_to_snowflake.py
[2026-03-12T23:41:45.154+0000] {logging_mixin.py:188} INFO - [2026-03-12T23:41:45.153+0000] {dag.py:3047} INFO - Sync 1 DAGs
[2026-03-12T23:41:45.174+0000] {logging_mixin.py:188} INFO - [2026-03-12T23:41:45.174+0000] {dag.py:3834} INFO - Setting next_dagrun for 1_load_csv_to_snowflake to None, run_after=None
[2026-03-12T23:41:45.201+0000] {processor.py:183} INFO - Processing /opt/airflow/dags/1_load_csv_to_snowflake.py took 0.094 seconds
[2026-03-12T23:42:15.809+0000] {processor.py:161} INFO - Started process (PID=7132) to work on /opt/airflow/dags/1_load_csv_to_snowflake.py
[2026-03-12T23:42:15.811+0000] {processor.py:830} INFO - Processing file /opt/airflow/dags/1_load_csv_to_snowflake.py for tasks to queue
[2026-03-12T23:42:15.812+0000] {logging_mixin.py:188} INFO - [2026-03-12T23:42:15.811+0000] {dagbag.py:540} INFO - Filling up the DagBag from /opt/airflow/dags/1_load_csv_to_snowflake.py
[2026-03-12T23:42:15.822+0000] {processor.py:840} INFO - DAG(s) '1_load_csv_to_snowflake' retrieved from /opt/airflow/dags/1_load_csv_to_snowflake.py
[2026-03-12T23:42:15.850+0000] {logging_mixin.py:188} INFO - [2026-03-12T23:42:15.849+0000] {dag.py:3047} INFO - Sync 1 DAGs
[2026-03-12T23:42:15.865+0000] {logging_mixin.py:188} INFO - [2026-03-12T23:42:15.865+0000] {dag.py:3834} INFO - Setting next_dagrun for 1_load_csv_to_snowflake to None, run_after=None
[2026-03-12T23:42:15.892+0000] {processor.py:183} INFO - Processing /opt/airflow/dags/1_load_csv_to_snowflake.py took 0.086 seconds
[2026-03-12T23:42:46.219+0000] {processor.py:161} INFO - Started process (PID=7187) to work on /opt/airflow/dags/1_load_csv_to_snowflake.py
[2026-03-12T23:42:46.220+0000] {processor.py:830} INFO - Processing file /opt/airflow/dags/1_load_csv_to_snowflake.py for tasks to queue
[2026-03-12T23:42:46.221+0000] {logging_mixin.py:188} INFO - [2026-03-12T23:42:46.221+0000] {dagbag.py:540} INFO - Filling up the DagBag from /opt/airflow/dags/1_load_csv_to_snowflake.py
[2026-03-12T23:42:46.232+0000] {processor.py:840} INFO - DAG(s) '1_load_csv_to_snowflake' retrieved from /opt/airflow/dags/1_load_csv_to_snowflake.py
[2026-03-12T23:42:46.259+0000] {logging_mixin.py:188} INFO - [2026-03-12T23:42:46.258+0000] {dag.py:3047} INFO - Sync 1 DAGs
[2026-03-12T23:42:46.278+0000] {logging_mixin.py:188} INFO - [2026-03-12T23:42:46.278+0000] {dag.py:3834} INFO - Setting next_dagrun for 1_load_csv_to_snowflake to None, run_after=None
[2026-03-12T23:42:46.304+0000] {processor.py:183} INFO - Processing /opt/airflow/dags/1_load_csv_to_snowflake.py took 0.090 seconds
[2026-03-12T23:43:16.623+0000] {processor.py:161} INFO - Started process (PID=7242) to work on /opt/airflow/dags/1_load_csv_to_snowflake.py
[2026-03-12T23:43:16.625+0000] {processor.py:830} INFO - Processing file /opt/airflow/dags/1_load_csv_to_snowflake.py for tasks to queue
[2026-03-12T23:43:16.626+0000] {logging_mixin.py:188} INFO - [2026-03-12T23:43:16.625+0000] {dagbag.py:540} INFO - Filling up the DagBag from /opt/airflow/dags/1_load_csv_to_snowflake.py
[2026-03-12T23:43:16.636+0000] {processor.py:840} INFO - DAG(s) '1_load_csv_to_snowflake' retrieved from /opt/airflow/dags/1_load_csv_to_snowflake.py
[2026-03-12T23:43:16.664+0000] {logging_mixin.py:188} INFO - [2026-03-12T23:43:16.664+0000] {dag.py:3047} INFO - Sync 1 DAGs
[2026-03-12T23:43:16.683+0000] {logging_mixin.py:188} INFO - [2026-03-12T23:43:16.682+0000] {dag.py:3834} INFO - Setting next_dagrun for 1_load_csv_to_snowflake to None, run_after=None
[2026-03-12T23:43:16.710+0000] {processor.py:183} INFO - Processing /opt/airflow/dags/1_load_csv_to_snowflake.py took 0.090 seconds
[2026-03-12T23:43:46.823+0000] {processor.py:161} INFO - Started process (PID=7297) to work on /opt/airflow/dags/1_load_csv_to_snowflake.py
[2026-03-12T23:43:46.825+0000] {processor.py:830} INFO - Processing file /opt/airflow/dags/1_load_csv_to_snowflake.py for tasks to queue
[2026-03-12T23:43:46.826+0000] {logging_mixin.py:188} INFO - [2026-03-12T23:43:46.825+0000] {dagbag.py:540} INFO - Filling up the DagBag from /opt/airflow/dags/1_load_csv_to_snowflake.py
[2026-03-12T23:43:46.840+0000] {processor.py:840} INFO - DAG(s) '1_load_csv_to_snowflake' retrieved from /opt/airflow/dags/1_load_csv_to_snowflake.py
[2026-03-12T23:43:46.863+0000] {logging_mixin.py:188} INFO - [2026-03-12T23:43:46.863+0000] {dag.py:3047} INFO - Sync 1 DAGs
[2026-03-12T23:43:46.880+0000] {logging_mixin.py:188} INFO - [2026-03-12T23:43:46.880+0000] {dag.py:3834} INFO - Setting next_dagrun for 1_load_csv_to_snowflake to None, run_after=None
[2026-03-12T23:43:46.907+0000] {processor.py:183} INFO - Processing /opt/airflow/dags/1_load_csv_to_snowflake.py took 0.087 seconds
[2026-03-12T23:44:16.981+0000] {processor.py:161} INFO - Started process (PID=7352) to work on /opt/airflow/dags/1_load_csv_to_snowflake.py
[2026-03-12T23:44:16.982+0000] {processor.py:830} INFO - Processing file /opt/airflow/dags/1_load_csv_to_snowflake.py for tasks to queue
[2026-03-12T23:44:16.983+0000] {logging_mixin.py:188} INFO - [2026-03-12T23:44:16.983+0000] {dagbag.py:540} INFO - Filling up the DagBag from /opt/airflow/dags/1_load_csv_to_snowflake.py
[2026-03-12T23:44:16.993+0000] {processor.py:840} INFO - DAG(s) '1_load_csv_to_snowflake' retrieved from /opt/airflow/dags/1_load_csv_to_snowflake.py
[2026-03-12T23:44:17.025+0000] {logging_mixin.py:188} INFO - [2026-03-12T23:44:17.025+0000] {dag.py:3047} INFO - Sync 1 DAGs
[2026-03-12T23:44:17.043+0000] {logging_mixin.py:188} INFO - [2026-03-12T23:44:17.043+0000] {dag.py:3834} INFO - Setting next_dagrun for 1_load_csv_to_snowflake to None, run_after=None
[2026-03-12T23:44:17.075+0000] {processor.py:183} INFO - Processing /opt/airflow/dags/1_load_csv_to_snowflake.py took 0.098 seconds
[2026-03-12T23:44:47.358+0000] {processor.py:161} INFO - Started process (PID=7407) to work on /opt/airflow/dags/1_load_csv_to_snowflake.py
[2026-03-12T23:44:47.359+0000] {processor.py:830} INFO - Processing file /opt/airflow/dags/1_load_csv_to_snowflake.py for tasks to queue
[2026-03-12T23:44:47.361+0000] {logging_mixin.py:188} INFO - [2026-03-12T23:44:47.360+0000] {dagbag.py:540} INFO - Filling up the DagBag from /opt/airflow/dags/1_load_csv_to_snowflake.py
[2026-03-12T23:44:47.373+0000] {processor.py:840} INFO - DAG(s) '1_load_csv_to_snowflake' retrieved from /opt/airflow/dags/1_load_csv_to_snowflake.py
[2026-03-12T23:44:47.396+0000] {logging_mixin.py:188} INFO - [2026-03-12T23:44:47.396+0000] {dag.py:3047} INFO - Sync 1 DAGs
[2026-03-12T23:44:47.416+0000] {logging_mixin.py:188} INFO - [2026-03-12T23:44:47.416+0000] {dag.py:3834} INFO - Setting next_dagrun for 1_load_csv_to_snowflake to None, run_after=None
[2026-03-12T23:44:47.453+0000] {processor.py:183} INFO - Processing /opt/airflow/dags/1_load_csv_to_snowflake.py took 0.100 seconds
[2026-03-12T23:45:17.593+0000] {processor.py:161} INFO - Started process (PID=7462) to work on /opt/airflow/dags/1_load_csv_to_snowflake.py
[2026-03-12T23:45:17.594+0000] {processor.py:830} INFO - Processing file /opt/airflow/dags/1_load_csv_to_snowflake.py for tasks to queue
[2026-03-12T23:45:17.595+0000] {logging_mixin.py:188} INFO - [2026-03-12T23:45:17.595+0000] {dagbag.py:540} INFO - Filling up the DagBag from /opt/airflow/dags/1_load_csv_to_snowflake.py
[2026-03-12T23:45:17.605+0000] {processor.py:840} INFO - DAG(s) '1_load_csv_to_snowflake' retrieved from /opt/airflow/dags/1_load_csv_to_snowflake.py
[2026-03-12T23:45:17.637+0000] {logging_mixin.py:188} INFO - [2026-03-12T23:45:17.637+0000] {dag.py:3047} INFO - Sync 1 DAGs
[2026-03-12T23:45:17.658+0000] {logging_mixin.py:188} INFO - [2026-03-12T23:45:17.658+0000] {dag.py:3834} INFO - Setting next_dagrun for 1_load_csv_to_snowflake to None, run_after=None
[2026-03-12T23:45:17.684+0000] {processor.py:183} INFO - Processing /opt/airflow/dags/1_load_csv_to_snowflake.py took 0.096 seconds
[2026-03-12T23:45:48.021+0000] {processor.py:161} INFO - Started process (PID=7517) to work on /opt/airflow/dags/1_load_csv_to_snowflake.py
[2026-03-12T23:45:48.022+0000] {processor.py:830} INFO - Processing file /opt/airflow/dags/1_load_csv_to_snowflake.py for tasks to queue
[2026-03-12T23:45:48.023+0000] {logging_mixin.py:188} INFO - [2026-03-12T23:45:48.023+0000] {dagbag.py:540} INFO - Filling up the DagBag from /opt/airflow/dags/1_load_csv_to_snowflake.py
[2026-03-12T23:45:48.033+0000] {processor.py:840} INFO - DAG(s) '1_load_csv_to_snowflake' retrieved from /opt/airflow/dags/1_load_csv_to_snowflake.py
[2026-03-12T23:45:48.055+0000] {logging_mixin.py:188} INFO - [2026-03-12T23:45:48.055+0000] {dag.py:3047} INFO - Sync 1 DAGs
[2026-03-12T23:45:48.074+0000] {logging_mixin.py:188} INFO - [2026-03-12T23:45:48.074+0000] {dag.py:3834} INFO - Setting next_dagrun for 1_load_csv_to_snowflake to None, run_after=None
[2026-03-12T23:45:48.099+0000] {processor.py:183} INFO - Processing /opt/airflow/dags/1_load_csv_to_snowflake.py took 0.081 seconds
[2026-03-12T23:46:18.201+0000] {processor.py:161} INFO - Started process (PID=7572) to work on /opt/airflow/dags/1_load_csv_to_snowflake.py
[2026-03-12T23:46:18.202+0000] {processor.py:830} INFO - Processing file /opt/airflow/dags/1_load_csv_to_snowflake.py for tasks to queue
[2026-03-12T23:46:18.203+0000] {logging_mixin.py:188} INFO - [2026-03-12T23:46:18.203+0000] {dagbag.py:540} INFO - Filling up the DagBag from /opt/airflow/dags/1_load_csv_to_snowflake.py
[2026-03-12T23:46:18.214+0000] {processor.py:840} INFO - DAG(s) '1_load_csv_to_snowflake' retrieved from /opt/airflow/dags/1_load_csv_to_snowflake.py
[2026-03-12T23:46:18.243+0000] {logging_mixin.py:188} INFO - [2026-03-12T23:46:18.243+0000] {dag.py:3047} INFO - Sync 1 DAGs
[2026-03-12T23:46:18.264+0000] {logging_mixin.py:188} INFO - [2026-03-12T23:46:18.264+0000] {dag.py:3834} INFO - Setting next_dagrun for 1_load_csv_to_snowflake to None, run_after=None
[2026-03-12T23:46:18.285+0000] {processor.py:183} INFO - Processing /opt/airflow/dags/1_load_csv_to_snowflake.py took 0.088 seconds
[2026-03-12T23:46:48.480+0000] {processor.py:161} INFO - Started process (PID=7627) to work on /opt/airflow/dags/1_load_csv_to_snowflake.py
[2026-03-12T23:46:48.482+0000] {processor.py:830} INFO - Processing file /opt/airflow/dags/1_load_csv_to_snowflake.py for tasks to queue
[2026-03-12T23:46:48.483+0000] {logging_mixin.py:188} INFO - [2026-03-12T23:46:48.482+0000] {dagbag.py:540} INFO - Filling up the DagBag from /opt/airflow/dags/1_load_csv_to_snowflake.py
[2026-03-12T23:46:48.493+0000] {processor.py:840} INFO - DAG(s) '1_load_csv_to_snowflake' retrieved from /opt/airflow/dags/1_load_csv_to_snowflake.py
[2026-03-12T23:46:48.528+0000] {logging_mixin.py:188} INFO - [2026-03-12T23:46:48.528+0000] {dag.py:3047} INFO - Sync 1 DAGs
[2026-03-12T23:46:48.549+0000] {logging_mixin.py:188} INFO - [2026-03-12T23:46:48.549+0000] {dag.py:3834} INFO - Setting next_dagrun for 1_load_csv_to_snowflake to None, run_after=None
[2026-03-12T23:46:48.577+0000] {processor.py:183} INFO - Processing /opt/airflow/dags/1_load_csv_to_snowflake.py took 0.100 seconds
[2026-03-12T23:47:06.902+0000] {processor.py:161} INFO - Started process (PID=7671) to work on /opt/airflow/dags/1_load_csv_to_snowflake.py
[2026-03-12T23:47:06.903+0000] {processor.py:830} INFO - Processing file /opt/airflow/dags/1_load_csv_to_snowflake.py for tasks to queue
[2026-03-12T23:47:06.904+0000] {logging_mixin.py:188} INFO - [2026-03-12T23:47:06.904+0000] {dagbag.py:540} INFO - Filling up the DagBag from /opt/airflow/dags/1_load_csv_to_snowflake.py
[2026-03-12T23:47:06.917+0000] {logging_mixin.py:188} INFO - [2026-03-12T23:47:06.916+0000] {dagbag.py:350} ERROR - Failed to import: /opt/airflow/dags/1_load_csv_to_snowflake.py
Traceback (most recent call last):
  File "/home/airflow/.local/lib/python3.8/site-packages/airflow/models/dagbag.py", line 346, in parse
    loader.exec_module(new_module)
  File "<frozen importlib._bootstrap_external>", line 843, in exec_module
  File "<frozen importlib._bootstrap>", line 219, in _call_with_frames_removed
  File "/opt/airflow/dags/1_load_csv_to_snowflake.py", line 35, in <module>
    upload_to_stage >> copy_to_table
NameError: name 'copy_to_table' is not defined
[2026-03-12T23:47:06.918+0000] {processor.py:842} WARNING - No viable dags retrieved from /opt/airflow/dags/1_load_csv_to_snowflake.py
[2026-03-12T23:47:06.943+0000] {processor.py:183} INFO - Processing /opt/airflow/dags/1_load_csv_to_snowflake.py took 0.045 seconds
[2026-03-12T23:47:37.090+0000] {processor.py:161} INFO - Started process (PID=7726) to work on /opt/airflow/dags/1_load_csv_to_snowflake.py
[2026-03-12T23:47:37.092+0000] {processor.py:830} INFO - Processing file /opt/airflow/dags/1_load_csv_to_snowflake.py for tasks to queue
[2026-03-12T23:47:37.093+0000] {logging_mixin.py:188} INFO - [2026-03-12T23:47:37.092+0000] {dagbag.py:540} INFO - Filling up the DagBag from /opt/airflow/dags/1_load_csv_to_snowflake.py
[2026-03-12T23:47:37.106+0000] {logging_mixin.py:188} INFO - [2026-03-12T23:47:37.104+0000] {dagbag.py:350} ERROR - Failed to import: /opt/airflow/dags/1_load_csv_to_snowflake.py
Traceback (most recent call last):
  File "/home/airflow/.local/lib/python3.8/site-packages/airflow/models/dagbag.py", line 346, in parse
    loader.exec_module(new_module)
  File "<frozen importlib._bootstrap_external>", line 843, in exec_module
  File "<frozen importlib._bootstrap>", line 219, in _call_with_frames_removed
  File "/opt/airflow/dags/1_load_csv_to_snowflake.py", line 35, in <module>
    upload_to_stage >> copy_to_table
NameError: name 'copy_to_table' is not defined
[2026-03-12T23:47:37.107+0000] {processor.py:842} WARNING - No viable dags retrieved from /opt/airflow/dags/1_load_csv_to_snowflake.py
[2026-03-12T23:47:37.128+0000] {processor.py:183} INFO - Processing /opt/airflow/dags/1_load_csv_to_snowflake.py took 0.042 seconds
[2026-03-12T23:47:45.188+0000] {processor.py:161} INFO - Started process (PID=7727) to work on /opt/airflow/dags/1_load_csv_to_snowflake.py
[2026-03-12T23:47:45.189+0000] {processor.py:830} INFO - Processing file /opt/airflow/dags/1_load_csv_to_snowflake.py for tasks to queue
[2026-03-12T23:47:45.190+0000] {logging_mixin.py:188} INFO - [2026-03-12T23:47:45.190+0000] {dagbag.py:540} INFO - Filling up the DagBag from /opt/airflow/dags/1_load_csv_to_snowflake.py
[2026-03-12T23:47:45.201+0000] {processor.py:840} INFO - DAG(s) '1_load_csv_to_snowflake' retrieved from /opt/airflow/dags/1_load_csv_to_snowflake.py
[2026-03-12T23:47:45.302+0000] {logging_mixin.py:188} INFO - [2026-03-12T23:47:45.302+0000] {dag.py:3047} INFO - Sync 1 DAGs
[2026-03-12T23:47:45.312+0000] {logging_mixin.py:188} INFO - [2026-03-12T23:47:45.312+0000] {dag.py:3834} INFO - Setting next_dagrun for 1_load_csv_to_snowflake to None, run_after=None
[2026-03-12T23:47:45.331+0000] {processor.py:183} INFO - Processing /opt/airflow/dags/1_load_csv_to_snowflake.py took 0.146 seconds
[2026-03-12T23:48:15.379+0000] {processor.py:161} INFO - Started process (PID=7782) to work on /opt/airflow/dags/1_load_csv_to_snowflake.py
[2026-03-12T23:48:15.380+0000] {processor.py:830} INFO - Processing file /opt/airflow/dags/1_load_csv_to_snowflake.py for tasks to queue
[2026-03-12T23:48:15.381+0000] {logging_mixin.py:188} INFO - [2026-03-12T23:48:15.380+0000] {dagbag.py:540} INFO - Filling up the DagBag from /opt/airflow/dags/1_load_csv_to_snowflake.py
[2026-03-12T23:48:15.390+0000] {processor.py:840} INFO - DAG(s) '1_load_csv_to_snowflake' retrieved from /opt/airflow/dags/1_load_csv_to_snowflake.py
[2026-03-12T23:48:15.410+0000] {logging_mixin.py:188} INFO - [2026-03-12T23:48:15.410+0000] {dag.py:3047} INFO - Sync 1 DAGs
[2026-03-12T23:48:15.422+0000] {logging_mixin.py:188} INFO - [2026-03-12T23:48:15.422+0000] {dag.py:3834} INFO - Setting next_dagrun for 1_load_csv_to_snowflake to None, run_after=None
[2026-03-12T23:48:15.439+0000] {processor.py:183} INFO - Processing /opt/airflow/dags/1_load_csv_to_snowflake.py took 0.064 seconds
[2026-03-12T23:48:45.685+0000] {processor.py:161} INFO - Started process (PID=7837) to work on /opt/airflow/dags/1_load_csv_to_snowflake.py
[2026-03-12T23:48:45.686+0000] {processor.py:830} INFO - Processing file /opt/airflow/dags/1_load_csv_to_snowflake.py for tasks to queue
[2026-03-12T23:48:45.687+0000] {logging_mixin.py:188} INFO - [2026-03-12T23:48:45.687+0000] {dagbag.py:540} INFO - Filling up the DagBag from /opt/airflow/dags/1_load_csv_to_snowflake.py
[2026-03-12T23:48:45.696+0000] {processor.py:840} INFO - DAG(s) '1_load_csv_to_snowflake' retrieved from /opt/airflow/dags/1_load_csv_to_snowflake.py
[2026-03-12T23:48:45.718+0000] {logging_mixin.py:188} INFO - [2026-03-12T23:48:45.717+0000] {dag.py:3047} INFO - Sync 1 DAGs
[2026-03-12T23:48:45.733+0000] {logging_mixin.py:188} INFO - [2026-03-12T23:48:45.733+0000] {dag.py:3834} INFO - Setting next_dagrun for 1_load_csv_to_snowflake to None, run_after=None
[2026-03-12T23:48:45.751+0000] {processor.py:183} INFO - Processing /opt/airflow/dags/1_load_csv_to_snowflake.py took 0.071 seconds
[2026-03-12T23:49:16.207+0000] {processor.py:161} INFO - Started process (PID=7892) to work on /opt/airflow/dags/1_load_csv_to_snowflake.py
[2026-03-12T23:49:16.208+0000] {processor.py:830} INFO - Processing file /opt/airflow/dags/1_load_csv_to_snowflake.py for tasks to queue
[2026-03-12T23:49:16.209+0000] {logging_mixin.py:188} INFO - [2026-03-12T23:49:16.208+0000] {dagbag.py:540} INFO - Filling up the DagBag from /opt/airflow/dags/1_load_csv_to_snowflake.py
[2026-03-12T23:49:16.218+0000] {processor.py:840} INFO - DAG(s) '1_load_csv_to_snowflake' retrieved from /opt/airflow/dags/1_load_csv_to_snowflake.py
[2026-03-12T23:49:16.239+0000] {logging_mixin.py:188} INFO - [2026-03-12T23:49:16.238+0000] {dag.py:3047} INFO - Sync 1 DAGs
[2026-03-12T23:49:16.252+0000] {logging_mixin.py:188} INFO - [2026-03-12T23:49:16.252+0000] {dag.py:3834} INFO - Setting next_dagrun for 1_load_csv_to_snowflake to None, run_after=None
[2026-03-12T23:49:16.270+0000] {processor.py:183} INFO - Processing /opt/airflow/dags/1_load_csv_to_snowflake.py took 0.068 seconds
[2026-03-12T23:49:46.482+0000] {processor.py:161} INFO - Started process (PID=7947) to work on /opt/airflow/dags/1_load_csv_to_snowflake.py
[2026-03-12T23:49:46.484+0000] {processor.py:830} INFO - Processing file /opt/airflow/dags/1_load_csv_to_snowflake.py for tasks to queue
[2026-03-12T23:49:46.485+0000] {logging_mixin.py:188} INFO - [2026-03-12T23:49:46.484+0000] {dagbag.py:540} INFO - Filling up the DagBag from /opt/airflow/dags/1_load_csv_to_snowflake.py
[2026-03-12T23:49:46.495+0000] {processor.py:840} INFO - DAG(s) '1_load_csv_to_snowflake' retrieved from /opt/airflow/dags/1_load_csv_to_snowflake.py
[2026-03-12T23:49:46.515+0000] {logging_mixin.py:188} INFO - [2026-03-12T23:49:46.515+0000] {dag.py:3047} INFO - Sync 1 DAGs
[2026-03-12T23:49:46.528+0000] {logging_mixin.py:188} INFO - [2026-03-12T23:49:46.528+0000] {dag.py:3834} INFO - Setting next_dagrun for 1_load_csv_to_snowflake to None, run_after=None
[2026-03-12T23:49:46.549+0000] {processor.py:183} INFO - Processing /opt/airflow/dags/1_load_csv_to_snowflake.py took 0.072 seconds
[2026-03-12T23:50:17.168+0000] {processor.py:161} INFO - Started process (PID=8002) to work on /opt/airflow/dags/1_load_csv_to_snowflake.py
[2026-03-12T23:50:17.169+0000] {processor.py:830} INFO - Processing file /opt/airflow/dags/1_load_csv_to_snowflake.py for tasks to queue
[2026-03-12T23:50:17.170+0000] {logging_mixin.py:188} INFO - [2026-03-12T23:50:17.170+0000] {dagbag.py:540} INFO - Filling up the DagBag from /opt/airflow/dags/1_load_csv_to_snowflake.py
[2026-03-12T23:50:17.179+0000] {processor.py:840} INFO - DAG(s) '1_load_csv_to_snowflake' retrieved from /opt/airflow/dags/1_load_csv_to_snowflake.py
[2026-03-12T23:50:17.199+0000] {logging_mixin.py:188} INFO - [2026-03-12T23:50:17.199+0000] {dag.py:3047} INFO - Sync 1 DAGs
[2026-03-12T23:50:17.211+0000] {logging_mixin.py:188} INFO - [2026-03-12T23:50:17.211+0000] {dag.py:3834} INFO - Setting next_dagrun for 1_load_csv_to_snowflake to None, run_after=None
[2026-03-12T23:50:17.231+0000] {processor.py:183} INFO - Processing /opt/airflow/dags/1_load_csv_to_snowflake.py took 0.066 seconds
[2026-03-12T23:50:47.400+0000] {processor.py:161} INFO - Started process (PID=8057) to work on /opt/airflow/dags/1_load_csv_to_snowflake.py
[2026-03-12T23:50:47.401+0000] {processor.py:830} INFO - Processing file /opt/airflow/dags/1_load_csv_to_snowflake.py for tasks to queue
[2026-03-12T23:50:47.403+0000] {logging_mixin.py:188} INFO - [2026-03-12T23:50:47.402+0000] {dagbag.py:540} INFO - Filling up the DagBag from /opt/airflow/dags/1_load_csv_to_snowflake.py
[2026-03-12T23:50:47.413+0000] {processor.py:840} INFO - DAG(s) '1_load_csv_to_snowflake' retrieved from /opt/airflow/dags/1_load_csv_to_snowflake.py
[2026-03-12T23:50:47.439+0000] {logging_mixin.py:188} INFO - [2026-03-12T23:50:47.439+0000] {dag.py:3047} INFO - Sync 1 DAGs
[2026-03-12T23:50:47.456+0000] {logging_mixin.py:188} INFO - [2026-03-12T23:50:47.456+0000] {dag.py:3834} INFO - Setting next_dagrun for 1_load_csv_to_snowflake to None, run_after=None
[2026-03-12T23:50:47.478+0000] {processor.py:183} INFO - Processing /opt/airflow/dags/1_load_csv_to_snowflake.py took 0.082 seconds
[2026-03-12T23:51:17.609+0000] {processor.py:161} INFO - Started process (PID=8112) to work on /opt/airflow/dags/1_load_csv_to_snowflake.py
[2026-03-12T23:51:17.611+0000] {processor.py:830} INFO - Processing file /opt/airflow/dags/1_load_csv_to_snowflake.py for tasks to queue
[2026-03-12T23:51:17.612+0000] {logging_mixin.py:188} INFO - [2026-03-12T23:51:17.612+0000] {dagbag.py:540} INFO - Filling up the DagBag from /opt/airflow/dags/1_load_csv_to_snowflake.py
[2026-03-12T23:51:17.623+0000] {processor.py:840} INFO - DAG(s) '1_load_csv_to_snowflake' retrieved from /opt/airflow/dags/1_load_csv_to_snowflake.py
[2026-03-12T23:51:17.650+0000] {logging_mixin.py:188} INFO - [2026-03-12T23:51:17.650+0000] {dag.py:3047} INFO - Sync 1 DAGs
[2026-03-12T23:51:17.665+0000] {logging_mixin.py:188} INFO - [2026-03-12T23:51:17.665+0000] {dag.py:3834} INFO - Setting next_dagrun for 1_load_csv_to_snowflake to None, run_after=None
[2026-03-12T23:51:17.685+0000] {processor.py:183} INFO - Processing /opt/airflow/dags/1_load_csv_to_snowflake.py took 0.080 seconds
[2026-03-12T23:51:47.812+0000] {processor.py:161} INFO - Started process (PID=8167) to work on /opt/airflow/dags/1_load_csv_to_snowflake.py
[2026-03-12T23:51:47.813+0000] {processor.py:830} INFO - Processing file /opt/airflow/dags/1_load_csv_to_snowflake.py for tasks to queue
[2026-03-12T23:51:47.814+0000] {logging_mixin.py:188} INFO - [2026-03-12T23:51:47.814+0000] {dagbag.py:540} INFO - Filling up the DagBag from /opt/airflow/dags/1_load_csv_to_snowflake.py
[2026-03-12T23:51:47.825+0000] {processor.py:840} INFO - DAG(s) '1_load_csv_to_snowflake' retrieved from /opt/airflow/dags/1_load_csv_to_snowflake.py
[2026-03-12T23:51:47.847+0000] {logging_mixin.py:188} INFO - [2026-03-12T23:51:47.846+0000] {dag.py:3047} INFO - Sync 1 DAGs
[2026-03-12T23:51:47.860+0000] {logging_mixin.py:188} INFO - [2026-03-12T23:51:47.860+0000] {dag.py:3834} INFO - Setting next_dagrun for 1_load_csv_to_snowflake to None, run_after=None
[2026-03-12T23:51:47.878+0000] {processor.py:183} INFO - Processing /opt/airflow/dags/1_load_csv_to_snowflake.py took 0.070 seconds
[2026-03-12T23:52:18.691+0000] {processor.py:161} INFO - Started process (PID=8222) to work on /opt/airflow/dags/1_load_csv_to_snowflake.py
[2026-03-12T23:52:18.692+0000] {processor.py:830} INFO - Processing file /opt/airflow/dags/1_load_csv_to_snowflake.py for tasks to queue
[2026-03-12T23:52:18.693+0000] {logging_mixin.py:188} INFO - [2026-03-12T23:52:18.693+0000] {dagbag.py:540} INFO - Filling up the DagBag from /opt/airflow/dags/1_load_csv_to_snowflake.py
[2026-03-12T23:52:18.704+0000] {processor.py:840} INFO - DAG(s) '1_load_csv_to_snowflake' retrieved from /opt/airflow/dags/1_load_csv_to_snowflake.py
[2026-03-12T23:52:18.729+0000] {logging_mixin.py:188} INFO - [2026-03-12T23:52:18.728+0000] {dag.py:3047} INFO - Sync 1 DAGs
[2026-03-12T23:52:18.743+0000] {logging_mixin.py:188} INFO - [2026-03-12T23:52:18.743+0000] {dag.py:3834} INFO - Setting next_dagrun for 1_load_csv_to_snowflake to None, run_after=None
[2026-03-12T23:52:18.769+0000] {processor.py:183} INFO - Processing /opt/airflow/dags/1_load_csv_to_snowflake.py took 0.083 seconds
[2026-03-12T23:52:48.951+0000] {processor.py:161} INFO - Started process (PID=8277) to work on /opt/airflow/dags/1_load_csv_to_snowflake.py
[2026-03-12T23:52:48.952+0000] {processor.py:830} INFO - Processing file /opt/airflow/dags/1_load_csv_to_snowflake.py for tasks to queue
[2026-03-12T23:52:48.953+0000] {logging_mixin.py:188} INFO - [2026-03-12T23:52:48.953+0000] {dagbag.py:540} INFO - Filling up the DagBag from /opt/airflow/dags/1_load_csv_to_snowflake.py
[2026-03-12T23:52:48.962+0000] {processor.py:840} INFO - DAG(s) '1_load_csv_to_snowflake' retrieved from /opt/airflow/dags/1_load_csv_to_snowflake.py
[2026-03-12T23:52:48.983+0000] {logging_mixin.py:188} INFO - [2026-03-12T23:52:48.983+0000] {dag.py:3047} INFO - Sync 1 DAGs
[2026-03-12T23:52:48.996+0000] {logging_mixin.py:188} INFO - [2026-03-12T23:52:48.996+0000] {dag.py:3834} INFO - Setting next_dagrun for 1_load_csv_to_snowflake to None, run_after=None
[2026-03-12T23:52:49.015+0000] {processor.py:183} INFO - Processing /opt/airflow/dags/1_load_csv_to_snowflake.py took 0.068 seconds
[2026-03-12T23:53:19.294+0000] {processor.py:161} INFO - Started process (PID=8332) to work on /opt/airflow/dags/1_load_csv_to_snowflake.py
[2026-03-12T23:53:19.295+0000] {processor.py:830} INFO - Processing file /opt/airflow/dags/1_load_csv_to_snowflake.py for tasks to queue
[2026-03-12T23:53:19.296+0000] {logging_mixin.py:188} INFO - [2026-03-12T23:53:19.296+0000] {dagbag.py:540} INFO - Filling up the DagBag from /opt/airflow/dags/1_load_csv_to_snowflake.py
[2026-03-12T23:53:19.306+0000] {processor.py:840} INFO - DAG(s) '1_load_csv_to_snowflake' retrieved from /opt/airflow/dags/1_load_csv_to_snowflake.py
[2026-03-12T23:53:19.327+0000] {logging_mixin.py:188} INFO - [2026-03-12T23:53:19.326+0000] {dag.py:3047} INFO - Sync 1 DAGs
[2026-03-12T23:53:19.340+0000] {logging_mixin.py:188} INFO - [2026-03-12T23:53:19.339+0000] {dag.py:3834} INFO - Setting next_dagrun for 1_load_csv_to_snowflake to None, run_after=None
[2026-03-12T23:53:19.358+0000] {processor.py:183} INFO - Processing /opt/airflow/dags/1_load_csv_to_snowflake.py took 0.067 seconds
[2026-03-12T23:53:50.132+0000] {processor.py:161} INFO - Started process (PID=8387) to work on /opt/airflow/dags/1_load_csv_to_snowflake.py
[2026-03-12T23:53:50.134+0000] {processor.py:830} INFO - Processing file /opt/airflow/dags/1_load_csv_to_snowflake.py for tasks to queue
[2026-03-12T23:53:50.135+0000] {logging_mixin.py:188} INFO - [2026-03-12T23:53:50.134+0000] {dagbag.py:540} INFO - Filling up the DagBag from /opt/airflow/dags/1_load_csv_to_snowflake.py
[2026-03-12T23:53:50.146+0000] {processor.py:840} INFO - DAG(s) '1_load_csv_to_snowflake' retrieved from /opt/airflow/dags/1_load_csv_to_snowflake.py
[2026-03-12T23:53:50.173+0000] {logging_mixin.py:188} INFO - [2026-03-12T23:53:50.172+0000] {dag.py:3047} INFO - Sync 1 DAGs
[2026-03-12T23:53:50.186+0000] {logging_mixin.py:188} INFO - [2026-03-12T23:53:50.186+0000] {dag.py:3834} INFO - Setting next_dagrun for 1_load_csv_to_snowflake to None, run_after=None
[2026-03-12T23:53:50.205+0000] {processor.py:183} INFO - Processing /opt/airflow/dags/1_load_csv_to_snowflake.py took 0.077 seconds
[2026-03-12T23:54:20.440+0000] {processor.py:161} INFO - Started process (PID=8442) to work on /opt/airflow/dags/1_load_csv_to_snowflake.py
[2026-03-12T23:54:20.442+0000] {processor.py:830} INFO - Processing file /opt/airflow/dags/1_load_csv_to_snowflake.py for tasks to queue
[2026-03-12T23:54:20.443+0000] {logging_mixin.py:188} INFO - [2026-03-12T23:54:20.442+0000] {dagbag.py:540} INFO - Filling up the DagBag from /opt/airflow/dags/1_load_csv_to_snowflake.py
[2026-03-12T23:54:20.451+0000] {processor.py:840} INFO - DAG(s) '1_load_csv_to_snowflake' retrieved from /opt/airflow/dags/1_load_csv_to_snowflake.py
[2026-03-12T23:54:20.473+0000] {logging_mixin.py:188} INFO - [2026-03-12T23:54:20.473+0000] {dag.py:3047} INFO - Sync 1 DAGs
[2026-03-12T23:54:20.486+0000] {logging_mixin.py:188} INFO - [2026-03-12T23:54:20.486+0000] {dag.py:3834} INFO - Setting next_dagrun for 1_load_csv_to_snowflake to None, run_after=None
[2026-03-12T23:54:20.504+0000] {processor.py:183} INFO - Processing /opt/airflow/dags/1_load_csv_to_snowflake.py took 0.068 seconds
[2026-03-12T23:54:50.612+0000] {processor.py:161} INFO - Started process (PID=8497) to work on /opt/airflow/dags/1_load_csv_to_snowflake.py
[2026-03-12T23:54:50.613+0000] {processor.py:830} INFO - Processing file /opt/airflow/dags/1_load_csv_to_snowflake.py for tasks to queue
[2026-03-12T23:54:50.614+0000] {logging_mixin.py:188} INFO - [2026-03-12T23:54:50.613+0000] {dagbag.py:540} INFO - Filling up the DagBag from /opt/airflow/dags/1_load_csv_to_snowflake.py
[2026-03-12T23:54:50.623+0000] {processor.py:840} INFO - DAG(s) '1_load_csv_to_snowflake' retrieved from /opt/airflow/dags/1_load_csv_to_snowflake.py
[2026-03-12T23:54:50.646+0000] {logging_mixin.py:188} INFO - [2026-03-12T23:54:50.645+0000] {dag.py:3047} INFO - Sync 1 DAGs
[2026-03-12T23:54:50.659+0000] {logging_mixin.py:188} INFO - [2026-03-12T23:54:50.659+0000] {dag.py:3834} INFO - Setting next_dagrun for 1_load_csv_to_snowflake to None, run_after=None
[2026-03-12T23:54:50.680+0000] {processor.py:183} INFO - Processing /opt/airflow/dags/1_load_csv_to_snowflake.py took 0.074 seconds
[2026-03-12T23:55:21.534+0000] {processor.py:161} INFO - Started process (PID=8552) to work on /opt/airflow/dags/1_load_csv_to_snowflake.py
[2026-03-12T23:55:21.536+0000] {processor.py:830} INFO - Processing file /opt/airflow/dags/1_load_csv_to_snowflake.py for tasks to queue
[2026-03-12T23:55:21.537+0000] {logging_mixin.py:188} INFO - [2026-03-12T23:55:21.536+0000] {dagbag.py:540} INFO - Filling up the DagBag from /opt/airflow/dags/1_load_csv_to_snowflake.py
[2026-03-12T23:55:21.546+0000] {processor.py:840} INFO - DAG(s) '1_load_csv_to_snowflake' retrieved from /opt/airflow/dags/1_load_csv_to_snowflake.py
[2026-03-12T23:55:21.567+0000] {logging_mixin.py:188} INFO - [2026-03-12T23:55:21.567+0000] {dag.py:3047} INFO - Sync 1 DAGs
[2026-03-12T23:55:21.580+0000] {logging_mixin.py:188} INFO - [2026-03-12T23:55:21.580+0000] {dag.py:3834} INFO - Setting next_dagrun for 1_load_csv_to_snowflake to None, run_after=None
[2026-03-12T23:55:21.604+0000] {processor.py:183} INFO - Processing /opt/airflow/dags/1_load_csv_to_snowflake.py took 0.074 seconds
[2026-03-12T23:55:51.709+0000] {processor.py:161} INFO - Started process (PID=8607) to work on /opt/airflow/dags/1_load_csv_to_snowflake.py
[2026-03-12T23:55:51.710+0000] {processor.py:830} INFO - Processing file /opt/airflow/dags/1_load_csv_to_snowflake.py for tasks to queue
[2026-03-12T23:55:51.712+0000] {logging_mixin.py:188} INFO - [2026-03-12T23:55:51.711+0000] {dagbag.py:540} INFO - Filling up the DagBag from /opt/airflow/dags/1_load_csv_to_snowflake.py
[2026-03-12T23:55:51.721+0000] {processor.py:840} INFO - DAG(s) '1_load_csv_to_snowflake' retrieved from /opt/airflow/dags/1_load_csv_to_snowflake.py
[2026-03-12T23:55:51.743+0000] {logging_mixin.py:188} INFO - [2026-03-12T23:55:51.743+0000] {dag.py:3047} INFO - Sync 1 DAGs
[2026-03-12T23:55:51.756+0000] {logging_mixin.py:188} INFO - [2026-03-12T23:55:51.756+0000] {dag.py:3834} INFO - Setting next_dagrun for 1_load_csv_to_snowflake to None, run_after=None
[2026-03-12T23:55:51.775+0000] {processor.py:183} INFO - Processing /opt/airflow/dags/1_load_csv_to_snowflake.py took 0.070 seconds
[2026-03-12T23:56:21.958+0000] {processor.py:161} INFO - Started process (PID=8662) to work on /opt/airflow/dags/1_load_csv_to_snowflake.py
[2026-03-12T23:56:21.960+0000] {processor.py:830} INFO - Processing file /opt/airflow/dags/1_load_csv_to_snowflake.py for tasks to queue
[2026-03-12T23:56:21.961+0000] {logging_mixin.py:188} INFO - [2026-03-12T23:56:21.960+0000] {dagbag.py:540} INFO - Filling up the DagBag from /opt/airflow/dags/1_load_csv_to_snowflake.py
[2026-03-12T23:56:21.970+0000] {processor.py:840} INFO - DAG(s) '1_load_csv_to_snowflake' retrieved from /opt/airflow/dags/1_load_csv_to_snowflake.py
[2026-03-12T23:56:21.992+0000] {logging_mixin.py:188} INFO - [2026-03-12T23:56:21.992+0000] {dag.py:3047} INFO - Sync 1 DAGs
[2026-03-12T23:56:22.006+0000] {logging_mixin.py:188} INFO - [2026-03-12T23:56:22.006+0000] {dag.py:3834} INFO - Setting next_dagrun for 1_load_csv_to_snowflake to None, run_after=None
[2026-03-12T23:56:22.025+0000] {processor.py:183} INFO - Processing /opt/airflow/dags/1_load_csv_to_snowflake.py took 0.072 seconds
[2026-03-12T23:56:52.233+0000] {processor.py:161} INFO - Started process (PID=8717) to work on /opt/airflow/dags/1_load_csv_to_snowflake.py
[2026-03-12T23:56:52.235+0000] {processor.py:830} INFO - Processing file /opt/airflow/dags/1_load_csv_to_snowflake.py for tasks to queue
[2026-03-12T23:56:52.236+0000] {logging_mixin.py:188} INFO - [2026-03-12T23:56:52.235+0000] {dagbag.py:540} INFO - Filling up the DagBag from /opt/airflow/dags/1_load_csv_to_snowflake.py
[2026-03-12T23:56:52.245+0000] {processor.py:840} INFO - DAG(s) '1_load_csv_to_snowflake' retrieved from /opt/airflow/dags/1_load_csv_to_snowflake.py
[2026-03-12T23:56:52.270+0000] {logging_mixin.py:188} INFO - [2026-03-12T23:56:52.270+0000] {dag.py:3047} INFO - Sync 1 DAGs
[2026-03-12T23:56:52.284+0000] {logging_mixin.py:188} INFO - [2026-03-12T23:56:52.284+0000] {dag.py:3834} INFO - Setting next_dagrun for 1_load_csv_to_snowflake to None, run_after=None
[2026-03-12T23:56:52.304+0000] {processor.py:183} INFO - Processing /opt/airflow/dags/1_load_csv_to_snowflake.py took 0.076 seconds
[2026-03-12T23:57:22.499+0000] {processor.py:161} INFO - Started process (PID=8772) to work on /opt/airflow/dags/1_load_csv_to_snowflake.py
[2026-03-12T23:57:22.500+0000] {processor.py:830} INFO - Processing file /opt/airflow/dags/1_load_csv_to_snowflake.py for tasks to queue
[2026-03-12T23:57:22.502+0000] {logging_mixin.py:188} INFO - [2026-03-12T23:57:22.501+0000] {dagbag.py:540} INFO - Filling up the DagBag from /opt/airflow/dags/1_load_csv_to_snowflake.py
[2026-03-12T23:57:22.512+0000] {processor.py:840} INFO - DAG(s) '1_load_csv_to_snowflake' retrieved from /opt/airflow/dags/1_load_csv_to_snowflake.py
[2026-03-12T23:57:22.536+0000] {logging_mixin.py:188} INFO - [2026-03-12T23:57:22.535+0000] {dag.py:3047} INFO - Sync 1 DAGs
[2026-03-12T23:57:22.550+0000] {logging_mixin.py:188} INFO - [2026-03-12T23:57:22.550+0000] {dag.py:3834} INFO - Setting next_dagrun for 1_load_csv_to_snowflake to None, run_after=None
[2026-03-12T23:57:22.571+0000] {processor.py:183} INFO - Processing /opt/airflow/dags/1_load_csv_to_snowflake.py took 0.079 seconds
[2026-03-12T23:57:52.949+0000] {processor.py:161} INFO - Started process (PID=8827) to work on /opt/airflow/dags/1_load_csv_to_snowflake.py
[2026-03-12T23:57:52.951+0000] {processor.py:830} INFO - Processing file /opt/airflow/dags/1_load_csv_to_snowflake.py for tasks to queue
[2026-03-12T23:57:52.952+0000] {logging_mixin.py:188} INFO - [2026-03-12T23:57:52.951+0000] {dagbag.py:540} INFO - Filling up the DagBag from /opt/airflow/dags/1_load_csv_to_snowflake.py
[2026-03-12T23:57:52.960+0000] {processor.py:840} INFO - DAG(s) '1_load_csv_to_snowflake' retrieved from /opt/airflow/dags/1_load_csv_to_snowflake.py
[2026-03-12T23:57:52.982+0000] {logging_mixin.py:188} INFO - [2026-03-12T23:57:52.981+0000] {dag.py:3047} INFO - Sync 1 DAGs
[2026-03-12T23:57:52.995+0000] {logging_mixin.py:188} INFO - [2026-03-12T23:57:52.994+0000] {dag.py:3834} INFO - Setting next_dagrun for 1_load_csv_to_snowflake to None, run_after=None
[2026-03-12T23:57:53.012+0000] {processor.py:183} INFO - Processing /opt/airflow/dags/1_load_csv_to_snowflake.py took 0.067 seconds
[2026-03-12T23:58:23.112+0000] {processor.py:161} INFO - Started process (PID=8882) to work on /opt/airflow/dags/1_load_csv_to_snowflake.py
[2026-03-12T23:58:23.113+0000] {processor.py:830} INFO - Processing file /opt/airflow/dags/1_load_csv_to_snowflake.py for tasks to queue
[2026-03-12T23:58:23.114+0000] {logging_mixin.py:188} INFO - [2026-03-12T23:58:23.114+0000] {dagbag.py:540} INFO - Filling up the DagBag from /opt/airflow/dags/1_load_csv_to_snowflake.py
[2026-03-12T23:58:23.123+0000] {processor.py:840} INFO - DAG(s) '1_load_csv_to_snowflake' retrieved from /opt/airflow/dags/1_load_csv_to_snowflake.py
[2026-03-12T23:58:23.145+0000] {logging_mixin.py:188} INFO - [2026-03-12T23:58:23.145+0000] {dag.py:3047} INFO - Sync 1 DAGs
[2026-03-12T23:58:23.159+0000] {logging_mixin.py:188} INFO - [2026-03-12T23:58:23.159+0000] {dag.py:3834} INFO - Setting next_dagrun for 1_load_csv_to_snowflake to None, run_after=None
[2026-03-12T23:58:23.179+0000] {processor.py:183} INFO - Processing /opt/airflow/dags/1_load_csv_to_snowflake.py took 0.072 seconds
[2026-03-12T23:58:53.604+0000] {processor.py:161} INFO - Started process (PID=8937) to work on /opt/airflow/dags/1_load_csv_to_snowflake.py
[2026-03-12T23:58:53.605+0000] {processor.py:830} INFO - Processing file /opt/airflow/dags/1_load_csv_to_snowflake.py for tasks to queue
[2026-03-12T23:58:53.606+0000] {logging_mixin.py:188} INFO - [2026-03-12T23:58:53.606+0000] {dagbag.py:540} INFO - Filling up the DagBag from /opt/airflow/dags/1_load_csv_to_snowflake.py
[2026-03-12T23:58:53.615+0000] {processor.py:840} INFO - DAG(s) '1_load_csv_to_snowflake' retrieved from /opt/airflow/dags/1_load_csv_to_snowflake.py
[2026-03-12T23:58:53.636+0000] {logging_mixin.py:188} INFO - [2026-03-12T23:58:53.636+0000] {dag.py:3047} INFO - Sync 1 DAGs
[2026-03-12T23:58:53.648+0000] {logging_mixin.py:188} INFO - [2026-03-12T23:58:53.648+0000] {dag.py:3834} INFO - Setting next_dagrun for 1_load_csv_to_snowflake to None, run_after=None
[2026-03-12T23:58:53.667+0000] {processor.py:183} INFO - Processing /opt/airflow/dags/1_load_csv_to_snowflake.py took 0.067 seconds
[2026-03-12T23:59:23.813+0000] {processor.py:161} INFO - Started process (PID=8992) to work on /opt/airflow/dags/1_load_csv_to_snowflake.py
[2026-03-12T23:59:23.814+0000] {processor.py:830} INFO - Processing file /opt/airflow/dags/1_load_csv_to_snowflake.py for tasks to queue
[2026-03-12T23:59:23.815+0000] {logging_mixin.py:188} INFO - [2026-03-12T23:59:23.815+0000] {dagbag.py:540} INFO - Filling up the DagBag from /opt/airflow/dags/1_load_csv_to_snowflake.py
[2026-03-12T23:59:23.825+0000] {processor.py:840} INFO - DAG(s) '1_load_csv_to_snowflake' retrieved from /opt/airflow/dags/1_load_csv_to_snowflake.py
[2026-03-12T23:59:23.849+0000] {logging_mixin.py:188} INFO - [2026-03-12T23:59:23.848+0000] {dag.py:3047} INFO - Sync 1 DAGs
[2026-03-12T23:59:23.864+0000] {logging_mixin.py:188} INFO - [2026-03-12T23:59:23.864+0000] {dag.py:3834} INFO - Setting next_dagrun for 1_load_csv_to_snowflake to None, run_after=None
[2026-03-12T23:59:23.884+0000] {processor.py:183} INFO - Processing /opt/airflow/dags/1_load_csv_to_snowflake.py took 0.077 seconds
[2026-03-12T23:59:54.263+0000] {processor.py:161} INFO - Started process (PID=9047) to work on /opt/airflow/dags/1_load_csv_to_snowflake.py
[2026-03-12T23:59:54.264+0000] {processor.py:830} INFO - Processing file /opt/airflow/dags/1_load_csv_to_snowflake.py for tasks to queue
[2026-03-12T23:59:54.266+0000] {logging_mixin.py:188} INFO - [2026-03-12T23:59:54.265+0000] {dagbag.py:540} INFO - Filling up the DagBag from /opt/airflow/dags/1_load_csv_to_snowflake.py
[2026-03-12T23:59:54.274+0000] {processor.py:840} INFO - DAG(s) '1_load_csv_to_snowflake' retrieved from /opt/airflow/dags/1_load_csv_to_snowflake.py
[2026-03-12T23:59:54.298+0000] {logging_mixin.py:188} INFO - [2026-03-12T23:59:54.297+0000] {dag.py:3047} INFO - Sync 1 DAGs
[2026-03-12T23:59:54.313+0000] {logging_mixin.py:188} INFO - [2026-03-12T23:59:54.313+0000] {dag.py:3834} INFO - Setting next_dagrun for 1_load_csv_to_snowflake to None, run_after=None
[2026-03-12T23:59:54.334+0000] {processor.py:183} INFO - Processing /opt/airflow/dags/1_load_csv_to_snowflake.py took 0.076 seconds
