[2026-03-12T21:32:01.177+0000] {processor.py:161} INFO - Started process (PID=4420) to work on /opt/airflow/dags/load_csv_to_snowflake_1.py
[2026-03-12T21:32:01.179+0000] {processor.py:830} INFO - Processing file /opt/airflow/dags/load_csv_to_snowflake_1.py for tasks to queue
[2026-03-12T21:32:01.182+0000] {logging_mixin.py:188} INFO - [2026-03-12T21:32:01.181+0000] {dagbag.py:540} INFO - Filling up the DagBag from /opt/airflow/dags/load_csv_to_snowflake_1.py
[2026-03-12T21:32:01.193+0000] {processor.py:840} INFO - DAG(s) '1_load_csv_to_snowflake' retrieved from /opt/airflow/dags/load_csv_to_snowflake_1.py
[2026-03-12T21:32:01.466+0000] {logging_mixin.py:188} INFO - [2026-03-12T21:32:01.465+0000] {override.py:1769} INFO - Created Permission View: can delete on DAG:1_load_csv_to_snowflake
[2026-03-12T21:32:01.476+0000] {logging_mixin.py:188} INFO - [2026-03-12T21:32:01.476+0000] {override.py:1769} INFO - Created Permission View: can edit on DAG:1_load_csv_to_snowflake
[2026-03-12T21:32:01.483+0000] {logging_mixin.py:188} INFO - [2026-03-12T21:32:01.483+0000] {override.py:1769} INFO - Created Permission View: can read on DAG:1_load_csv_to_snowflake
[2026-03-12T21:32:01.484+0000] {logging_mixin.py:188} INFO - [2026-03-12T21:32:01.483+0000] {dag.py:3047} INFO - Sync 1 DAGs
[2026-03-12T21:32:01.495+0000] {logging_mixin.py:188} INFO - [2026-03-12T21:32:01.494+0000] {dag.py:3069} INFO - Creating ORM DAG for 1_load_csv_to_snowflake
[2026-03-12T21:32:01.495+0000] {logging_mixin.py:188} INFO - [2026-03-12T21:32:01.495+0000] {dag.py:3834} INFO - Setting next_dagrun for 1_load_csv_to_snowflake to None, run_after=None
[2026-03-12T21:32:01.511+0000] {processor.py:183} INFO - Processing /opt/airflow/dags/load_csv_to_snowflake_1.py took 0.338 seconds
[2026-03-12T21:32:31.699+0000] {processor.py:161} INFO - Started process (PID=4475) to work on /opt/airflow/dags/load_csv_to_snowflake_1.py
[2026-03-12T21:32:31.701+0000] {processor.py:830} INFO - Processing file /opt/airflow/dags/load_csv_to_snowflake_1.py for tasks to queue
[2026-03-12T21:32:31.703+0000] {logging_mixin.py:188} INFO - [2026-03-12T21:32:31.703+0000] {dagbag.py:540} INFO - Filling up the DagBag from /opt/airflow/dags/load_csv_to_snowflake_1.py
[2026-03-12T21:32:31.721+0000] {processor.py:840} INFO - DAG(s) '1_load_csv_to_snowflake' retrieved from /opt/airflow/dags/load_csv_to_snowflake_1.py
[2026-03-12T21:32:31.750+0000] {logging_mixin.py:188} INFO - [2026-03-12T21:32:31.749+0000] {dag.py:3047} INFO - Sync 1 DAGs
[2026-03-12T21:32:31.772+0000] {logging_mixin.py:188} INFO - [2026-03-12T21:32:31.771+0000] {dag.py:3834} INFO - Setting next_dagrun for 1_load_csv_to_snowflake to None, run_after=None
[2026-03-12T21:32:31.799+0000] {processor.py:183} INFO - Processing /opt/airflow/dags/load_csv_to_snowflake_1.py took 0.105 seconds
[2026-03-12T21:32:52.334+0000] {processor.py:161} INFO - Started process (PID=4520) to work on /opt/airflow/dags/load_csv_to_snowflake_1.py
[2026-03-12T21:32:52.336+0000] {processor.py:830} INFO - Processing file /opt/airflow/dags/load_csv_to_snowflake_1.py for tasks to queue
[2026-03-12T21:32:52.338+0000] {logging_mixin.py:188} INFO - [2026-03-12T21:32:52.338+0000] {dagbag.py:540} INFO - Filling up the DagBag from /opt/airflow/dags/load_csv_to_snowflake_1.py
[2026-03-12T21:32:52.351+0000] {processor.py:840} INFO - DAG(s) '1_load_csv_to_snowflake' retrieved from /opt/airflow/dags/load_csv_to_snowflake_1.py
[2026-03-12T21:32:52.616+0000] {logging_mixin.py:188} INFO - [2026-03-12T21:32:52.615+0000] {dag.py:3047} INFO - Sync 1 DAGs
[2026-03-12T21:32:52.628+0000] {logging_mixin.py:188} INFO - [2026-03-12T21:32:52.628+0000] {dag.py:3834} INFO - Setting next_dagrun for 1_load_csv_to_snowflake to None, run_after=None
[2026-03-12T21:32:52.653+0000] {processor.py:183} INFO - Processing /opt/airflow/dags/load_csv_to_snowflake_1.py took 0.322 seconds
