[2026-03-13T08:08:15.943+0000] {taskinstance.py:1979} INFO - Dependencies all met for dep_context=non-requeueable deps ti=<TaskInstance: 1_load_csv_to_snowflake.copy_to_table manual__2026-03-13T08:02:31.950430+00:00 [queued]>
[2026-03-13T08:08:15.952+0000] {taskinstance.py:1979} INFO - Dependencies all met for dep_context=requeueable deps ti=<TaskInstance: 1_load_csv_to_snowflake.copy_to_table manual__2026-03-13T08:02:31.950430+00:00 [queued]>
[2026-03-13T08:08:15.953+0000] {taskinstance.py:2193} INFO - Starting attempt 2 of 2
[2026-03-13T08:08:15.965+0000] {taskinstance.py:2214} INFO - Executing <Task(SnowflakeOperator): copy_to_table> on 2026-03-13 08:02:31.950430+00:00
[2026-03-13T08:08:15.970+0000] {standard_task_runner.py:60} INFO - Started process 8684 to run task
[2026-03-13T08:08:15.974+0000] {standard_task_runner.py:87} INFO - Running: ['***', 'tasks', 'run', '1_load_csv_to_snowflake', 'copy_to_table', 'manual__2026-03-13T08:02:31.950430+00:00', '--job-id', '16', '--raw', '--subdir', 'DAGS_FOLDER/1_load_csv_to_snowflake.py', '--cfg-path', '/tmp/tmpiu56lrzb']
[2026-03-13T08:08:15.975+0000] {standard_task_runner.py:88} INFO - Job 16: Subtask copy_to_table
[2026-03-13T08:08:16.024+0000] {task_command.py:423} INFO - Running <TaskInstance: 1_load_csv_to_snowflake.copy_to_table manual__2026-03-13T08:02:31.950430+00:00 [running]> on host 491a6a573ad3
[2026-03-13T08:08:16.107+0000] {taskinstance.py:2510} INFO - Exporting env vars: AIRFLOW_CTX_DAG_OWNER='***' AIRFLOW_CTX_DAG_ID='1_load_csv_to_snowflake' AIRFLOW_CTX_TASK_ID='copy_to_table' AIRFLOW_CTX_EXECUTION_DATE='2026-03-13T08:02:31.950430+00:00' AIRFLOW_CTX_TRY_NUMBER='2' AIRFLOW_CTX_DAG_RUN_ID='manual__2026-03-13T08:02:31.950430+00:00'
[2026-03-13T08:08:16.109+0000] {sql.py:276} INFO - Executing: 
        COPY INTO STAGE_1_RAW.RAW_AIRLINE_DATA
        FROM @STAGE_1_RAW.MY_INTERNAL_STAGE
        FILE_FORMAT = (
            TYPE = 'CSV' 
            SKIP_HEADER = 1 
            FIELD_OPTIONALLY_ENCLOSED_BY = '"'
            ERROR_ON_COLUMN_COUNT_MISMATCH = FALSE
        )
        FORCE = TRUE
        ON_ERROR = 'CONTINUE';
        
[2026-03-13T08:08:16.121+0000] {base.py:83} INFO - Using connection ID 'snowflake_conn' for task execution.
[2026-03-13T08:08:16.132+0000] {base.py:83} INFO - Using connection ID 'snowflake_conn' for task execution.
[2026-03-13T08:08:16.133+0000] {connection.py:386} INFO - Snowflake Connector for Python Version: 3.7.1, Python Version: 3.8.18, Platform: Linux-6.12.68-linuxkit-x86_64-with-glibc2.34
[2026-03-13T08:08:16.135+0000] {connection.py:1211} INFO - This connection is in OCSP Fail Open Mode. TLS Certificates would be checked for validity and revocation status. Any other Certificate Revocation related exceptions or OCSP Responder failures would be disregarded in favor of connectivity.
[2026-03-13T08:08:16.728+0000] {cursor.py:1032} INFO - query: [ALTER SESSION SET autocommit=False]
[2026-03-13T08:08:16.873+0000] {cursor.py:1045} INFO - query execution done
[2026-03-13T08:08:16.874+0000] {cursor.py:1205} INFO - Number of results in first chunk: 1
[2026-03-13T08:08:16.875+0000] {sql.py:457} INFO - Running statement: COPY INTO STAGE_1_RAW.RAW_AIRLINE_DATA
        FROM @STAGE_1_RAW.MY_INTERNAL_STAGE
        FILE_FORMAT = (
            TYPE = 'CSV' 
            SKIP_HEADER = 1 
            FIELD_OPTIONALLY_ENCLOSED_BY = '"'
            ERROR_ON_COLUMN_COUNT_MISMATCH = FALSE
        )
        FORCE = TRUE
        ON_ERROR = 'CONTINUE';, parameters: None
[2026-03-13T08:08:16.875+0000] {cursor.py:1032} INFO - query: [COPY INTO STAGE_1_RAW.RAW_AIRLINE_DATA FROM @STAGE_1_RAW.MY_INTERNAL_STAGE FILE_...]
[2026-03-13T08:08:18.901+0000] {cursor.py:1045} INFO - query execution done
[2026-03-13T08:08:18.902+0000] {cursor.py:1205} INFO - Number of results in first chunk: 1
[2026-03-13T08:08:18.902+0000] {sql.py:466} INFO - Rows affected: 1
[2026-03-13T08:08:18.903+0000] {warnings.py:109} WARNING - /home/***/.local/lib/python3.8/site-packages/***/providers/snowflake/hooks/snowflake.py:393: AirflowProviderDeprecationWarning: Call to deprecated method _make_common_data_structure. (The `_make_serializable` method is deprecated and support will be removed in a future version of the common.sql provider. Please update the DbApiHook's provider to a version based on common.sql >= 1.9.1.)
  result = self._make_common_data_structure(handler(cur))  # type: ignore[attr-defined]

[2026-03-13T08:08:18.904+0000] {snowflake.py:402} INFO - Rows affected: 1
[2026-03-13T08:08:18.905+0000] {snowflake.py:403} INFO - Snowflake query id: 01c2ff08-0106-4fdb-0004-af66000152e2
[2026-03-13T08:08:18.905+0000] {cursor.py:1032} INFO - query: [COMMIT]
[2026-03-13T08:08:19.184+0000] {cursor.py:1045} INFO - query execution done
[2026-03-13T08:08:19.184+0000] {cursor.py:1205} INFO - Number of results in first chunk: 1
[2026-03-13T08:08:19.185+0000] {connection.py:734} INFO - closed
[2026-03-13T08:08:19.237+0000] {connection.py:740} INFO - No async queries seem to be running, deleting session
[2026-03-13T08:08:19.306+0000] {taskinstance.py:1149} INFO - Marking task as SUCCESS. dag_id=1_load_csv_to_snowflake, task_id=copy_to_table, execution_date=20260313T080231, start_date=20260313T080815, end_date=20260313T080819
[2026-03-13T08:08:19.354+0000] {local_task_job_runner.py:234} INFO - Task exited with return code 0
[2026-03-13T08:08:19.378+0000] {taskinstance.py:3309} INFO - 0 downstream tasks scheduled from follow-on schedule check
