[2026-03-13T00:07:23.230+0000] {taskinstance.py:1979} INFO - Dependencies all met for dep_context=non-requeueable deps ti=<TaskInstance: 1_load_csv_to_snowflake.upload_to_stage manual__2026-03-12T23:41:03.034496+00:00 [queued]>
[2026-03-13T00:07:23.238+0000] {taskinstance.py:1979} INFO - Dependencies all met for dep_context=requeueable deps ti=<TaskInstance: 1_load_csv_to_snowflake.upload_to_stage manual__2026-03-12T23:41:03.034496+00:00 [queued]>
[2026-03-13T00:07:23.238+0000] {taskinstance.py:2193} INFO - Starting attempt 2 of 2
[2026-03-13T00:07:23.250+0000] {taskinstance.py:2214} INFO - Executing <Task(SnowflakeOperator): upload_to_stage> on 2026-03-12 23:41:03.034496+00:00
[2026-03-13T00:07:23.255+0000] {standard_task_runner.py:60} INFO - Started process 1445 to run task
[2026-03-13T00:07:23.259+0000] {standard_task_runner.py:87} INFO - Running: ['***', 'tasks', 'run', '1_load_csv_to_snowflake', 'upload_to_stage', 'manual__2026-03-12T23:41:03.034496+00:00', '--job-id', '6', '--raw', '--subdir', 'DAGS_FOLDER/1_load_csv_to_snowflake.py', '--cfg-path', '/tmp/tmpehf_4uhh']
[2026-03-13T00:07:23.260+0000] {standard_task_runner.py:88} INFO - Job 6: Subtask upload_to_stage
[2026-03-13T00:07:23.308+0000] {task_command.py:423} INFO - Running <TaskInstance: 1_load_csv_to_snowflake.upload_to_stage manual__2026-03-12T23:41:03.034496+00:00 [running]> on host 491a6a573ad3
[2026-03-13T00:07:23.378+0000] {taskinstance.py:2510} INFO - Exporting env vars: AIRFLOW_CTX_DAG_OWNER='***' AIRFLOW_CTX_DAG_ID='1_load_csv_to_snowflake' AIRFLOW_CTX_TASK_ID='upload_to_stage' AIRFLOW_CTX_EXECUTION_DATE='2026-03-12T23:41:03.034496+00:00' AIRFLOW_CTX_TRY_NUMBER='2' AIRFLOW_CTX_DAG_RUN_ID='manual__2026-03-12T23:41:03.034496+00:00'
[2026-03-13T00:07:23.379+0000] {sql.py:276} INFO - Executing: PUT 'file:///opt/***/dags/Airline_Dataset.csv' @STAGE_1_RAW.MY_INTERNAL_STAGE AUTO_COMPRESS=TRUE;
[2026-03-13T00:07:23.391+0000] {base.py:83} INFO - Using connection ID 'snowflake_conn' for task execution.
[2026-03-13T00:07:23.401+0000] {base.py:83} INFO - Using connection ID 'snowflake_conn' for task execution.
[2026-03-13T00:07:23.402+0000] {connection.py:386} INFO - Snowflake Connector for Python Version: 3.7.1, Python Version: 3.8.18, Platform: Linux-6.12.68-linuxkit-x86_64-with-glibc2.34
[2026-03-13T00:07:23.403+0000] {connection.py:1211} INFO - This connection is in OCSP Fail Open Mode. TLS Certificates would be checked for validity and revocation status. Any other Certificate Revocation related exceptions or OCSP Responder failures would be disregarded in favor of connectivity.
[2026-03-13T00:07:24.126+0000] {cursor.py:1032} INFO - query: [ALTER SESSION SET autocommit=False]
[2026-03-13T00:07:24.249+0000] {cursor.py:1045} INFO - query execution done
[2026-03-13T00:07:24.250+0000] {cursor.py:1205} INFO - Number of results in first chunk: 1
[2026-03-13T00:07:24.251+0000] {sql.py:457} INFO - Running statement: PUT 'file:///opt/***/dags/Airline_Dataset.csv' @STAGE_1_RAW.MY_INTERNAL_STAGE AUTO_COMPRESS=TRUE;, parameters: None
[2026-03-13T00:07:24.252+0000] {cursor.py:1032} INFO - query: [PUT 'file:///opt/***/dags/Airline_Dataset.csv' @STAGE_1_RAW.MY_INTERNAL_STAG...]
[2026-03-13T00:07:24.359+0000] {cursor.py:1045} INFO - query execution done
[2026-03-13T00:07:24.708+0000] {sql.py:466} INFO - Rows affected: 1
[2026-03-13T00:07:24.709+0000] {warnings.py:109} WARNING - /home/***/.local/lib/python3.8/site-packages/***/providers/snowflake/hooks/snowflake.py:393: AirflowProviderDeprecationWarning: Call to deprecated method _make_common_data_structure. (The `_make_serializable` method is deprecated and support will be removed in a future version of the common.sql provider. Please update the DbApiHook's provider to a version based on common.sql >= 1.9.1.)
  result = self._make_common_data_structure(handler(cur))  # type: ignore[attr-defined]

[2026-03-13T00:07:24.709+0000] {snowflake.py:402} INFO - Rows affected: 1
[2026-03-13T00:07:24.710+0000] {snowflake.py:403} INFO - Snowflake query id: 01c2fd27-0106-4cdf-0000-0004af668551
[2026-03-13T00:07:24.710+0000] {cursor.py:1032} INFO - query: [COMMIT]
[2026-03-13T00:07:24.819+0000] {cursor.py:1045} INFO - query execution done
[2026-03-13T00:07:24.820+0000] {cursor.py:1205} INFO - Number of results in first chunk: 1
[2026-03-13T00:07:24.820+0000] {connection.py:734} INFO - closed
[2026-03-13T00:07:24.933+0000] {connection.py:740} INFO - No async queries seem to be running, deleting session
[2026-03-13T00:07:25.019+0000] {taskinstance.py:1149} INFO - Marking task as SUCCESS. dag_id=1_load_csv_to_snowflake, task_id=upload_to_stage, execution_date=20260312T234103, start_date=20260313T000723, end_date=20260313T000725
[2026-03-13T00:07:25.078+0000] {local_task_job_runner.py:234} INFO - Task exited with return code 0
[2026-03-13T00:07:25.088+0000] {warnings.py:109} WARNING - /home/***/.local/lib/python3.8/site-packages/***/models/baseoperator.py:1201: AirflowProviderDeprecationWarning: Call to deprecated class SnowflakeOperator. (This class is deprecated. Please use `***.providers.common.sql.operators.sql.SQLExecuteQueryOperator`. Also, you can provide `hook_params={'warehouse': <warehouse>, 'database': <database>, 'role': <role>, 'schema': <schema>, 'authenticator': <authenticator>,'session_parameters': <session_parameters>}`.)
  result = cls.__new__(cls)

[2026-03-13T00:07:25.099+0000] {taskinstance.py:3309} INFO - 1 downstream tasks scheduled from follow-on schedule check
