[2026-03-15T22:14:21.892+0000] {taskinstance.py:1979} INFO - Dependencies all met for dep_context=non-requeueable deps ti=<TaskInstance: 1_load_csv_to_snowflake.load_stage_2 manual__2026-03-15T22:14:03.411726+00:00 [queued]>
[2026-03-15T22:14:21.900+0000] {taskinstance.py:1979} INFO - Dependencies all met for dep_context=requeueable deps ti=<TaskInstance: 1_load_csv_to_snowflake.load_stage_2 manual__2026-03-15T22:14:03.411726+00:00 [queued]>
[2026-03-15T22:14:21.901+0000] {taskinstance.py:2193} INFO - Starting attempt 1 of 1
[2026-03-15T22:14:21.913+0000] {taskinstance.py:2214} INFO - Executing <Task(SnowflakeOperator): load_stage_2> on 2026-03-15 22:14:03.411726+00:00
[2026-03-15T22:14:21.919+0000] {standard_task_runner.py:60} INFO - Started process 32723 to run task
[2026-03-15T22:14:21.923+0000] {standard_task_runner.py:87} INFO - Running: ['***', 'tasks', 'run', '1_load_csv_to_snowflake', 'load_stage_2', 'manual__2026-03-15T22:14:03.411726+00:00', '--job-id', '30', '--raw', '--subdir', 'DAGS_FOLDER/1_load_csv_to_snowflake.py', '--cfg-path', '/tmp/tmpcu2yecey']
[2026-03-15T22:14:21.925+0000] {standard_task_runner.py:88} INFO - Job 30: Subtask load_stage_2
[2026-03-15T22:14:21.980+0000] {task_command.py:423} INFO - Running <TaskInstance: 1_load_csv_to_snowflake.load_stage_2 manual__2026-03-15T22:14:03.411726+00:00 [running]> on host 491a6a573ad3
[2026-03-15T22:14:22.061+0000] {taskinstance.py:2510} INFO - Exporting env vars: AIRFLOW_CTX_DAG_OWNER='***' AIRFLOW_CTX_DAG_ID='1_load_csv_to_snowflake' AIRFLOW_CTX_TASK_ID='load_stage_2' AIRFLOW_CTX_EXECUTION_DATE='2026-03-15T22:14:03.411726+00:00' AIRFLOW_CTX_TRY_NUMBER='1' AIRFLOW_CTX_DAG_RUN_ID='manual__2026-03-15T22:14:03.411726+00:00'
[2026-03-15T22:14:22.063+0000] {sql.py:276} INFO - Executing: CALL AIRLINE_DWH.STAGE_2_INTEGRATION.LOAD_STAGE_2();
[2026-03-15T22:14:22.075+0000] {base.py:83} INFO - Using connection ID 'snowflake_conn' for task execution.
[2026-03-15T22:14:22.084+0000] {base.py:83} INFO - Using connection ID 'snowflake_conn' for task execution.
[2026-03-15T22:14:22.085+0000] {connection.py:386} INFO - Snowflake Connector for Python Version: 3.7.1, Python Version: 3.8.18, Platform: Linux-6.12.68-linuxkit-x86_64-with-glibc2.34
[2026-03-15T22:14:22.086+0000] {connection.py:1211} INFO - This connection is in OCSP Fail Open Mode. TLS Certificates would be checked for validity and revocation status. Any other Certificate Revocation related exceptions or OCSP Responder failures would be disregarded in favor of connectivity.
[2026-03-15T22:14:22.725+0000] {cursor.py:1032} INFO - query: [ALTER SESSION SET autocommit=False]
[2026-03-15T22:14:22.811+0000] {cursor.py:1045} INFO - query execution done
[2026-03-15T22:14:22.811+0000] {cursor.py:1205} INFO - Number of results in first chunk: 1
[2026-03-15T22:14:22.812+0000] {sql.py:457} INFO - Running statement: CALL AIRLINE_DWH.STAGE_2_INTEGRATION.LOAD_STAGE_2();, parameters: None
[2026-03-15T22:14:22.812+0000] {cursor.py:1032} INFO - query: [CALL AIRLINE_DWH.STAGE_2_INTEGRATION.LOAD_STAGE_2();]
[2026-03-15T22:14:25.976+0000] {cursor.py:1045} INFO - query execution done
[2026-03-15T22:14:25.977+0000] {cursor.py:1205} INFO - Number of results in first chunk: 1
[2026-03-15T22:14:25.978+0000] {sql.py:466} INFO - Rows affected: 1
[2026-03-15T22:14:25.979+0000] {warnings.py:109} WARNING - /home/***/.local/lib/python3.8/site-packages/***/providers/snowflake/hooks/snowflake.py:393: AirflowProviderDeprecationWarning: Call to deprecated method _make_common_data_structure. (The `_make_serializable` method is deprecated and support will be removed in a future version of the common.sql provider. Please update the DbApiHook's provider to a version based on common.sql >= 1.9.1.)
  result = self._make_common_data_structure(handler(cur))  # type: ignore[attr-defined]

[2026-03-15T22:14:25.980+0000] {snowflake.py:402} INFO - Rows affected: 1
[2026-03-15T22:14:25.980+0000] {snowflake.py:403} INFO - Snowflake query id: 01c30d96-0106-5284-0004-af66000200ca
[2026-03-15T22:14:25.981+0000] {cursor.py:1032} INFO - query: [COMMIT]
[2026-03-15T22:14:26.074+0000] {cursor.py:1045} INFO - query execution done
[2026-03-15T22:14:26.076+0000] {cursor.py:1205} INFO - Number of results in first chunk: 1
[2026-03-15T22:14:26.076+0000] {connection.py:734} INFO - closed
[2026-03-15T22:14:26.115+0000] {connection.py:740} INFO - No async queries seem to be running, deleting session
[2026-03-15T22:14:26.185+0000] {taskinstance.py:1149} INFO - Marking task as SUCCESS. dag_id=1_load_csv_to_snowflake, task_id=load_stage_2, execution_date=20260315T221403, start_date=20260315T221421, end_date=20260315T221426
[2026-03-15T22:14:26.214+0000] {local_task_job_runner.py:234} INFO - Task exited with return code 0
[2026-03-15T22:14:26.224+0000] {warnings.py:109} WARNING - /home/***/.local/lib/python3.8/site-packages/***/models/baseoperator.py:1201: AirflowProviderDeprecationWarning: Call to deprecated class SnowflakeOperator. (This class is deprecated. Please use `***.providers.common.sql.operators.sql.SQLExecuteQueryOperator`. Also, you can provide `hook_params={'warehouse': <warehouse>, 'database': <database>, 'role': <role>, 'schema': <schema>, 'authenticator': <authenticator>,'session_parameters': <session_parameters>}`.)
  result = cls.__new__(cls)

[2026-03-15T22:14:26.234+0000] {taskinstance.py:3309} INFO - 1 downstream tasks scheduled from follow-on schedule check
